{"D:\\Code\\School-system-for-admin\\types.js": {"path":"D:\\Code\\School-system-for-admin\\types.js","statementMap":{"0":{"start":{"line":6,"column":24},"end":{"line":10,"column":1}},"1":{"start":{"line":12,"column":25},"end":{"line":18,"column":1}},"2":{"start":{"line":20,"column":20},"end":{"line":29,"column":1}},"3":{"start":{"line":31,"column":29},"end":{"line":36,"column":1}},"4":{"start":{"line":38,"column":32},"end":{"line":43,"column":1}},"5":{"start":{"line":45,"column":25},"end":{"line":49,"column":1}},"6":{"start":{"line":51,"column":25},"end":{"line":56,"column":1}},"7":{"start":{"line":58,"column":27},"end":{"line":64,"column":1}},"8":{"start":{"line":66,"column":29},"end":{"line":70,"column":1}}},"fnMap":{},"branchMap":{},"s":{"0":2,"1":2,"2":2,"3":2,"4":2,"5":2,"6":2,"7":2,"8":2},"f":{},"b":{},"meta":{"lastBranch":0,"lastFunction":0,"lastStatement":9,"seen":{"s:6:24:10:1":0,"s:12:25:18:1":1,"s:20:20:29:1":2,"s:31:29:36:1":3,"s:38:32:43:1":4,"s:45:25:49:1":5,"s:51:25:56:1":6,"s:58:27:64:1":7,"s:66:29:70:1":8}}}
,"D:\\Code\\School-system-for-admin\\components\\Sidebar.jsx": {"path":"D:\\Code\\School-system-for-admin\\components\\Sidebar.jsx","statementMap":{"0":{"start":{"line":11,"column":6},"end":{"line":38,"column":null}},"1":{"start":{"line":12,"column":2},"end":{"line":38,"column":null}},"2":{"start":{"line":14,"column":16},"end":{"line":14,"column":null}},"3":{"start":{"line":42,"column":6},"end":{"line":45,"column":null}},"4":{"start":{"line":43,"column":2},"end":{"line":45,"column":null}},"5":{"start":{"line":52,"column":6},"end":{"line":238,"column":null}},"6":{"start":{"line":54,"column":18},"end":{"line":54,"column":null}},"7":{"start":{"line":55,"column":20},"end":{"line":55,"column":null}},"8":{"start":{"line":56,"column":19},"end":{"line":56,"column":null}},"9":{"start":{"line":58,"column":10},"end":{"line":58,"column":35}},"10":{"start":{"line":59,"column":22},"end":{"line":59,"column":51}},"11":{"start":{"line":60,"column":24},"end":{"line":60,"column":82}},"12":{"start":{"line":62,"column":8},"end":{"line":68,"column":null}},"13":{"start":{"line":63,"column":4},"end":{"line":68,"column":null}},"14":{"start":{"line":64,"column":6},"end":{"line":64,"column":null}},"15":{"start":{"line":65,"column":6},"end":{"line":65,"column":null}},"16":{"start":{"line":67,"column":6},"end":{"line":67,"column":null}},"17":{"start":{"line":68,"column":6},"end":{"line":68,"column":null}},"18":{"start":{"line":72,"column":21},"end":{"line":72,"column":97}},"19":{"start":{"line":74,"column":2},"end":{"line":78,"column":null}},"20":{"start":{"line":75,"column":4},"end":{"line":76,"column":null}},"21":{"start":{"line":76,"column":6},"end":{"line":76,"column":null}},"22":{"start":{"line":80,"column":2},"end":{"line":84,"column":null}},"23":{"start":{"line":81,"column":10},"end":{"line":81,"column":55}},"24":{"start":{"line":81,"column":32},"end":{"line":81,"column":55}},"25":{"start":{"line":82,"column":4},"end":{"line":82,"column":null}},"26":{"start":{"line":83,"column":4},"end":{"line":83,"column":null}},"27":{"start":{"line":83,"column":17},"end":{"line":83,"column":77}},"28":{"start":{"line":86,"column":2},"end":{"line":96,"column":null}},"29":{"start":{"line":87,"column":4},"end":{"line":87,"column":null}},"30":{"start":{"line":87,"column":22},"end":{"line":87,"column":null}},"31":{"start":{"line":88,"column":17},"end":{"line":88,"column":null}},"32":{"start":{"line":89,"column":18},"end":{"line":91,"column":null}},"33":{"start":{"line":90,"column":20},"end":{"line":90,"column":57}},"34":{"start":{"line":91,"column":6},"end":{"line":91,"column":null}},"35":{"start":{"line":93,"column":4},"end":{"line":93,"column":null}},"36":{"start":{"line":94,"column":21},"end":{"line":94,"column":46}},"37":{"start":{"line":95,"column":4},"end":{"line":95,"column":null}},"38":{"start":{"line":95,"column":17},"end":{"line":95,"column":40}},"39":{"start":{"line":99,"column":2},"end":{"line":238,"column":null}},"40":{"start":{"line":124,"column":126},"end":{"line":124,"column":154}},"41":{"start":{"line":126,"column":125},"end":{"line":126,"column":152}},"42":{"start":{"line":129,"column":119},"end":{"line":129,"column":143}},"43":{"start":{"line":132,"column":122},"end":{"line":132,"column":148}},"44":{"start":{"line":135,"column":125},"end":{"line":135,"column":152}},"45":{"start":{"line":141,"column":29},"end":{"line":141,"column":52}},"46":{"start":{"line":153,"column":22},"end":{"line":157,"column":null}},"47":{"start":{"line":154,"column":24},"end":{"line":154,"column":null}},"48":{"start":{"line":156,"column":24},"end":{"line":156,"column":null}},"49":{"start":{"line":157,"column":24},"end":{"line":157,"column":null}},"50":{"start":{"line":185,"column":41},"end":{"line":185,"column":70}},"51":{"start":{"line":186,"column":38},"end":{"line":186,"column":null}},"52":{"start":{"line":195,"column":41},"end":{"line":195,"column":75}},"53":{"start":{"line":196,"column":38},"end":{"line":196,"column":null}},"54":{"start":{"line":205,"column":41},"end":{"line":205,"column":71}},"55":{"start":{"line":206,"column":38},"end":{"line":206,"column":null}},"56":{"start":{"line":223,"column":27},"end":{"line":223,"column":50}},"57":{"start":{"line":224,"column":24},"end":{"line":224,"column":null}}},"fnMap":{"0":{"name":"(anonymous_0)","decl":{"start":{"line":11,"column":6},"end":{"line":11,"column":17}},"loc":{"start":{"line":12,"column":2},"end":{"line":38,"column":null}},"line":12},"1":{"name":"(anonymous_1)","decl":{"start":{"line":14,"column":4},"end":{"line":14,"column":16}},"loc":{"start":{"line":14,"column":16},"end":{"line":14,"column":null}},"line":14},"2":{"name":"(anonymous_2)","decl":{"start":{"line":42,"column":6},"end":{"line":42,"column":null}},"loc":{"start":{"line":43,"column":2},"end":{"line":45,"column":null}},"line":43},"3":{"name":"(anonymous_3)","decl":{"start":{"line":52,"column":6},"end":{"line":52,"column":17}},"loc":{"start":{"line":52,"column":74},"end":{"line":238,"column":null}},"line":52},"4":{"name":"(anonymous_4)","decl":{"start":{"line":62,"column":8},"end":{"line":62,"column":32}},"loc":{"start":{"line":62,"column":40},"end":{"line":68,"column":null}},"line":62},"5":{"name":"(anonymous_5)","decl":{"start":{"line":74,"column":2},"end":{"line":74,"column":18}},"loc":{"start":{"line":74,"column":18},"end":{"line":78,"column":6}},"line":74},"6":{"name":"(anonymous_6)","decl":{"start":{"line":80,"column":2},"end":{"line":80,"column":18}},"loc":{"start":{"line":80,"column":18},"end":{"line":84,"column":7}},"line":80},"7":{"name":"(anonymous_7)","decl":{"start":{"line":81,"column":10},"end":{"line":81,"column":26}},"loc":{"start":{"line":81,"column":32},"end":{"line":81,"column":55}},"line":81},"8":{"name":"(anonymous_8)","decl":{"start":{"line":83,"column":4},"end":{"line":83,"column":17}},"loc":{"start":{"line":83,"column":17},"end":{"line":83,"column":77}},"line":83},"9":{"name":"(anonymous_9)","decl":{"start":{"line":86,"column":2},"end":{"line":86,"column":18}},"loc":{"start":{"line":86,"column":18},"end":{"line":96,"column":6}},"line":86},"10":{"name":"(anonymous_10)","decl":{"start":{"line":89,"column":18},"end":{"line":89,"column":30}},"loc":{"start":{"line":89,"column":30},"end":{"line":91,"column":null}},"line":89},"11":{"name":"(anonymous_11)","decl":{"start":{"line":95,"column":4},"end":{"line":95,"column":17}},"loc":{"start":{"line":95,"column":17},"end":{"line":95,"column":40}},"line":95},"12":{"name":"(anonymous_12)","decl":{"start":{"line":124,"column":111},"end":{"line":124,"column":126}},"loc":{"start":{"line":124,"column":126},"end":{"line":124,"column":154}},"line":124},"13":{"name":"(anonymous_13)","decl":{"start":{"line":126,"column":110},"end":{"line":126,"column":125}},"loc":{"start":{"line":126,"column":125},"end":{"line":126,"column":152}},"line":126},"14":{"name":"(anonymous_14)","decl":{"start":{"line":129,"column":104},"end":{"line":129,"column":119}},"loc":{"start":{"line":129,"column":119},"end":{"line":129,"column":143}},"line":129},"15":{"name":"(anonymous_15)","decl":{"start":{"line":132,"column":107},"end":{"line":132,"column":122}},"loc":{"start":{"line":132,"column":122},"end":{"line":132,"column":148}},"line":132},"16":{"name":"(anonymous_16)","decl":{"start":{"line":135,"column":110},"end":{"line":135,"column":125}},"loc":{"start":{"line":135,"column":125},"end":{"line":135,"column":152}},"line":135},"17":{"name":"(anonymous_17)","decl":{"start":{"line":141,"column":14},"end":{"line":141,"column":29}},"loc":{"start":{"line":141,"column":29},"end":{"line":141,"column":52}},"line":141},"18":{"name":"(anonymous_18)","decl":{"start":{"line":152,"column":20},"end":{"line":152,"column":35}},"loc":{"start":{"line":152,"column":35},"end":{"line":157,"column":null}},"line":152},"19":{"name":"(anonymous_19)","decl":{"start":{"line":185,"column":26},"end":{"line":185,"column":41}},"loc":{"start":{"line":185,"column":41},"end":{"line":185,"column":70}},"line":185},"20":{"name":"(anonymous_20)","decl":{"start":{"line":186,"column":26},"end":{"line":186,"column":38}},"loc":{"start":{"line":186,"column":38},"end":{"line":186,"column":null}},"line":186},"21":{"name":"(anonymous_21)","decl":{"start":{"line":195,"column":26},"end":{"line":195,"column":41}},"loc":{"start":{"line":195,"column":41},"end":{"line":195,"column":75}},"line":195},"22":{"name":"(anonymous_22)","decl":{"start":{"line":196,"column":26},"end":{"line":196,"column":38}},"loc":{"start":{"line":196,"column":38},"end":{"line":196,"column":null}},"line":196},"23":{"name":"(anonymous_23)","decl":{"start":{"line":205,"column":26},"end":{"line":205,"column":41}},"loc":{"start":{"line":205,"column":41},"end":{"line":205,"column":71}},"line":205},"24":{"name":"(anonymous_24)","decl":{"start":{"line":206,"column":26},"end":{"line":206,"column":38}},"loc":{"start":{"line":206,"column":38},"end":{"line":206,"column":null}},"line":206},"25":{"name":"(anonymous_25)","decl":{"start":{"line":223,"column":12},"end":{"line":223,"column":27}},"loc":{"start":{"line":223,"column":27},"end":{"line":223,"column":50}},"line":223},"26":{"name":"(anonymous_26)","decl":{"start":{"line":224,"column":12},"end":{"line":224,"column":24}},"loc":{"start":{"line":224,"column":24},"end":{"line":224,"column":null}},"line":224}},"branchMap":{"0":{"loc":{"start":{"line":14,"column":16},"end":{"line":14,"column":null}},"type":"binary-expr","locations":[{"start":{"line":14,"column":23},"end":{"line":14,"column":44}},{"start":{"line":14,"column":44},"end":{"line":14,"column":63}},{"start":{"line":14,"column":63},"end":{"line":14,"column":92}}],"line":14},"1":{"loc":{"start":{"line":17,"column":18},"end":{"line":17,"column":null}},"type":"cond-expr","locations":[{"start":{"line":17,"column":29},"end":{"line":17,"column":38}},{"start":{"line":17,"column":38},"end":{"line":17,"column":null}}],"line":17},"2":{"loc":{"start":{"line":18,"column":16},"end":{"line":18,"column":null}},"type":"cond-expr","locations":[{"start":{"line":18,"column":45},"end":{"line":18,"column":81}},{"start":{"line":18,"column":81},"end":{"line":18,"column":null}}],"line":18},"3":{"loc":{"start":{"line":18,"column":16},"end":{"line":18,"column":45}},"type":"binary-expr","locations":[{"start":{"line":18,"column":16},"end":{"line":18,"column":33}},{"start":{"line":18,"column":33},"end":{"line":18,"column":45}}],"line":18},"4":{"loc":{"start":{"line":19,"column":171},"end":{"line":21,"column":null}},"type":"cond-expr","locations":[{"start":{"line":20,"column":8},"end":{"line":20,"column":null}},{"start":{"line":21,"column":8},"end":{"line":21,"column":null}}],"line":19},"5":{"loc":{"start":{"line":24,"column":64},"end":{"line":24,"column":null}},"type":"cond-expr","locations":[{"start":{"line":24,"column":75},"end":{"line":24,"column":118}},{"start":{"line":24,"column":118},"end":{"line":24,"column":null}}],"line":24},"6":{"loc":{"start":{"line":27,"column":7},"end":{"line":28,"column":null}},"type":"binary-expr","locations":[{"start":{"line":27,"column":7},"end":{"line":27,"column":24}},{"start":{"line":27,"column":24},"end":{"line":27,"column":null}},{"start":{"line":28,"column":8},"end":{"line":28,"column":null}}],"line":27},"7":{"loc":{"start":{"line":31,"column":44},"end":{"line":31,"column":87}},"type":"cond-expr","locations":[{"start":{"line":31,"column":55},"end":{"line":31,"column":69}},{"start":{"line":31,"column":69},"end":{"line":31,"column":87}}],"line":31},"8":{"loc":{"start":{"line":32,"column":5},"end":{"line":38,"column":null}},"type":"cond-expr","locations":[{"start":{"line":33,"column":6},"end":{"line":36,"column":null}},{"start":{"line":36,"column":8},"end":{"line":38,"column":null}}],"line":32},"9":{"loc":{"start":{"line":32,"column":5},"end":{"line":32,"column":null}},"type":"binary-expr","locations":[{"start":{"line":32,"column":5},"end":{"line":32,"column":22}},{"start":{"line":32,"column":22},"end":{"line":32,"column":null}}],"line":32},"10":{"loc":{"start":{"line":34,"column":9},"end":{"line":34,"column":null}},"type":"cond-expr","locations":[{"start":{"line":34,"column":21},"end":{"line":34,"column":28}},{"start":{"line":34,"column":28},"end":{"line":34,"column":null}}],"line":34},"11":{"loc":{"start":{"line":36,"column":8},"end":{"line":38,"column":null}},"type":"cond-expr","locations":[{"start":{"line":37,"column":6},"end":{"line":38,"column":null}},{"start":{"line":38,"column":8},"end":{"line":38,"column":null}}],"line":36},"12":{"loc":{"start":{"line":63,"column":4},"end":{"line":68,"column":null}},"type":"if","locations":[{"start":{"line":63,"column":4},"end":{"line":68,"column":null}},{"start":{"line":66,"column":11},"end":{"line":68,"column":null}}],"line":63},"13":{"loc":{"start":{"line":72,"column":47},"end":{"line":72,"column":97}},"type":"binary-expr","locations":[{"start":{"line":72,"column":47},"end":{"line":72,"column":89}},{"start":{"line":72,"column":89},"end":{"line":72,"column":97}}],"line":72},"14":{"loc":{"start":{"line":75,"column":4},"end":{"line":76,"column":null}},"type":"if","locations":[{"start":{"line":75,"column":4},"end":{"line":76,"column":null}},{"start":{},"end":{}}],"line":75},"15":{"loc":{"start":{"line":87,"column":4},"end":{"line":87,"column":null}},"type":"if","locations":[{"start":{"line":87,"column":4},"end":{"line":87,"column":null}},{"start":{},"end":{}}],"line":87},"16":{"loc":{"start":{"line":88,"column":17},"end":{"line":88,"column":null}},"type":"cond-expr","locations":[{"start":{"line":88,"column":27},"end":{"line":88,"column":39}},{"start":{"line":88,"column":39},"end":{"line":88,"column":null}}],"line":88},"17":{"loc":{"start":{"line":102,"column":137},"end":{"line":102,"column":null}},"type":"cond-expr","locations":[{"start":{"line":102,"column":146},"end":{"line":102,"column":182}},{"start":{"line":102,"column":182},"end":{"line":102,"column":null}}],"line":102},"18":{"loc":{"start":{"line":106,"column":239},"end":{"line":106,"column":null}},"type":"cond-expr","locations":[{"start":{"line":106,"column":248},"end":{"line":106,"column":266}},{"start":{"line":106,"column":266},"end":{"line":106,"column":null}}],"line":106},"19":{"loc":{"start":{"line":125,"column":14},"end":{"line":126,"column":null}},"type":"binary-expr","locations":[{"start":{"line":125,"column":14},"end":{"line":125,"column":25}},{"start":{"line":125,"column":25},"end":{"line":125,"column":38}},{"start":{"line":125,"column":38},"end":{"line":125,"column":null}},{"start":{"line":126,"column":14},"end":{"line":126,"column":null}}],"line":125},"20":{"loc":{"start":{"line":128,"column":14},"end":{"line":129,"column":null}},"type":"binary-expr","locations":[{"start":{"line":128,"column":14},"end":{"line":128,"column":25}},{"start":{"line":128,"column":25},"end":{"line":128,"column":null}},{"start":{"line":129,"column":14},"end":{"line":129,"column":null}}],"line":128},"21":{"loc":{"start":{"line":131,"column":14},"end":{"line":132,"column":null}},"type":"binary-expr","locations":[{"start":{"line":131,"column":14},"end":{"line":131,"column":25}},{"start":{"line":131,"column":25},"end":{"line":131,"column":38}},{"start":{"line":131,"column":38},"end":{"line":131,"column":null}},{"start":{"line":132,"column":14},"end":{"line":132,"column":null}}],"line":131},"22":{"loc":{"start":{"line":134,"column":14},"end":{"line":135,"column":null}},"type":"binary-expr","locations":[{"start":{"line":134,"column":14},"end":{"line":134,"column":25}},{"start":{"line":134,"column":25},"end":{"line":134,"column":38}},{"start":{"line":134,"column":38},"end":{"line":134,"column":null}},{"start":{"line":135,"column":14},"end":{"line":135,"column":null}}],"line":134},"23":{"loc":{"start":{"line":146,"column":12},"end":{"line":217,"column":null}},"type":"binary-expr","locations":[{"start":{"line":146,"column":12},"end":{"line":146,"column":23}},{"start":{"line":146,"column":23},"end":{"line":146,"column":35}},{"start":{"line":146,"column":35},"end":{"line":146,"column":null}},{"start":{"line":147,"column":12},"end":{"line":217,"column":null}}],"line":146},"24":{"loc":{"start":{"line":153,"column":22},"end":{"line":157,"column":null}},"type":"if","locations":[{"start":{"line":153,"column":22},"end":{"line":157,"column":null}},{"start":{"line":155,"column":29},"end":{"line":157,"column":null}}],"line":153},"25":{"loc":{"start":{"line":161,"column":34},"end":{"line":161,"column":null}},"type":"cond-expr","locations":[{"start":{"line":161,"column":65},"end":{"line":161,"column":74}},{"start":{"line":161,"column":74},"end":{"line":161,"column":null}}],"line":161},"26":{"loc":{"start":{"line":162,"column":205},"end":{"line":164,"column":null}},"type":"cond-expr","locations":[{"start":{"line":163,"column":24},"end":{"line":163,"column":null}},{"start":{"line":164,"column":24},"end":{"line":164,"column":null}}],"line":162},"27":{"loc":{"start":{"line":168,"column":82},"end":{"line":168,"column":null}},"type":"cond-expr","locations":[{"start":{"line":168,"column":113},"end":{"line":168,"column":156}},{"start":{"line":168,"column":156},"end":{"line":168,"column":null}}],"line":168},"28":{"loc":{"start":{"line":174,"column":78},"end":{"line":174,"column":null}},"type":"cond-expr","locations":[{"start":{"line":174,"column":94},"end":{"line":174,"column":109}},{"start":{"line":174,"column":109},"end":{"line":174,"column":null}}],"line":174},"29":{"loc":{"start":{"line":181,"column":19},"end":{"line":212,"column":null}},"type":"binary-expr","locations":[{"start":{"line":181,"column":19},"end":{"line":181,"column":null}},{"start":{"line":182,"column":20},"end":{"line":212,"column":null}}],"line":181},"30":{"loc":{"start":{"line":186,"column":38},"end":{"line":186,"column":null}},"type":"binary-expr","locations":[{"start":{"line":186,"column":45},"end":{"line":186,"column":66}},{"start":{"line":186,"column":66},"end":{"line":186,"column":85}},{"start":{"line":186,"column":85},"end":{"line":186,"column":134}}],"line":186},"31":{"loc":{"start":{"line":187,"column":40},"end":{"line":187,"column":null}},"type":"cond-expr","locations":[{"start":{"line":187,"column":97},"end":{"line":187,"column":106}},{"start":{"line":187,"column":106},"end":{"line":187,"column":null}}],"line":187},"32":{"loc":{"start":{"line":187,"column":40},"end":{"line":187,"column":97}},"type":"binary-expr","locations":[{"start":{"line":187,"column":40},"end":{"line":187,"column":72}},{"start":{"line":187,"column":72},"end":{"line":187,"column":97}}],"line":187},"33":{"loc":{"start":{"line":188,"column":177},"end":{"line":188,"column":null}},"type":"cond-expr","locations":[{"start":{"line":188,"column":234},"end":{"line":188,"column":324}},{"start":{"line":188,"column":324},"end":{"line":188,"column":null}}],"line":188},"34":{"loc":{"start":{"line":188,"column":177},"end":{"line":188,"column":234}},"type":"binary-expr","locations":[{"start":{"line":188,"column":177},"end":{"line":188,"column":209}},{"start":{"line":188,"column":209},"end":{"line":188,"column":234}}],"line":188},"35":{"loc":{"start":{"line":196,"column":38},"end":{"line":196,"column":null}},"type":"binary-expr","locations":[{"start":{"line":196,"column":45},"end":{"line":196,"column":66}},{"start":{"line":196,"column":66},"end":{"line":196,"column":85}},{"start":{"line":196,"column":85},"end":{"line":196,"column":139}}],"line":196},"36":{"loc":{"start":{"line":197,"column":40},"end":{"line":197,"column":null}},"type":"cond-expr","locations":[{"start":{"line":197,"column":102},"end":{"line":197,"column":111}},{"start":{"line":197,"column":111},"end":{"line":197,"column":null}}],"line":197},"37":{"loc":{"start":{"line":197,"column":40},"end":{"line":197,"column":102}},"type":"binary-expr","locations":[{"start":{"line":197,"column":40},"end":{"line":197,"column":72}},{"start":{"line":197,"column":72},"end":{"line":197,"column":102}}],"line":197},"38":{"loc":{"start":{"line":198,"column":177},"end":{"line":198,"column":null}},"type":"cond-expr","locations":[{"start":{"line":198,"column":239},"end":{"line":198,"column":329}},{"start":{"line":198,"column":329},"end":{"line":198,"column":null}}],"line":198},"39":{"loc":{"start":{"line":198,"column":177},"end":{"line":198,"column":239}},"type":"binary-expr","locations":[{"start":{"line":198,"column":177},"end":{"line":198,"column":209}},{"start":{"line":198,"column":209},"end":{"line":198,"column":239}}],"line":198},"40":{"loc":{"start":{"line":206,"column":38},"end":{"line":206,"column":null}},"type":"binary-expr","locations":[{"start":{"line":206,"column":45},"end":{"line":206,"column":66}},{"start":{"line":206,"column":66},"end":{"line":206,"column":85}},{"start":{"line":206,"column":85},"end":{"line":206,"column":135}}],"line":206},"41":{"loc":{"start":{"line":207,"column":40},"end":{"line":207,"column":null}},"type":"cond-expr","locations":[{"start":{"line":207,"column":98},"end":{"line":207,"column":107}},{"start":{"line":207,"column":107},"end":{"line":207,"column":null}}],"line":207},"42":{"loc":{"start":{"line":207,"column":40},"end":{"line":207,"column":98}},"type":"binary-expr","locations":[{"start":{"line":207,"column":40},"end":{"line":207,"column":72}},{"start":{"line":207,"column":72},"end":{"line":207,"column":98}}],"line":207},"43":{"loc":{"start":{"line":208,"column":177},"end":{"line":208,"column":null}},"type":"cond-expr","locations":[{"start":{"line":208,"column":235},"end":{"line":208,"column":325}},{"start":{"line":208,"column":325},"end":{"line":208,"column":null}}],"line":208},"44":{"loc":{"start":{"line":208,"column":177},"end":{"line":208,"column":235}},"type":"binary-expr","locations":[{"start":{"line":208,"column":177},"end":{"line":208,"column":209}},{"start":{"line":208,"column":209},"end":{"line":208,"column":235}}],"line":208},"45":{"loc":{"start":{"line":224,"column":24},"end":{"line":224,"column":null}},"type":"binary-expr","locations":[{"start":{"line":224,"column":31},"end":{"line":224,"column":52}},{"start":{"line":224,"column":52},"end":{"line":224,"column":71}},{"start":{"line":224,"column":71},"end":{"line":224,"column":114}}],"line":224},"46":{"loc":{"start":{"line":227,"column":26},"end":{"line":227,"column":null}},"type":"cond-expr","locations":[{"start":{"line":227,"column":58},"end":{"line":227,"column":67}},{"start":{"line":227,"column":67},"end":{"line":227,"column":null}}],"line":227},"47":{"loc":{"start":{"line":228,"column":150},"end":{"line":228,"column":null}},"type":"cond-expr","locations":[{"start":{"line":228,"column":182},"end":{"line":228,"column":248}},{"start":{"line":228,"column":248},"end":{"line":228,"column":null}}],"line":228},"48":{"loc":{"start":{"line":233,"column":53},"end":{"line":233,"column":102}},"type":"cond-expr","locations":[{"start":{"line":233,"column":63},"end":{"line":233,"column":81}},{"start":{"line":233,"column":81},"end":{"line":233,"column":102}}],"line":233}},"s":{"0":1,"1":17,"2":0,"3":1,"4":3,"5":1,"6":3,"7":3,"8":3,"9":3,"10":3,"11":3,"12":3,"13":0,"14":0,"15":0,"16":0,"17":0,"18":3,"19":3,"20":3,"21":0,"22":3,"23":3,"24":0,"25":3,"26":3,"27":3,"28":3,"29":3,"30":0,"31":3,"32":3,"33":3,"34":0,"35":3,"36":3,"37":3,"38":3,"39":3,"40":0,"41":1,"42":0,"43":0,"44":0,"45":0,"46":0,"47":0,"48":0,"49":0,"50":0,"51":0,"52":0,"53":0,"54":0,"55":0,"56":0,"57":0},"f":{"0":17,"1":0,"2":3,"3":3,"4":0,"5":3,"6":3,"7":0,"8":3,"9":3,"10":3,"11":3,"12":0,"13":1,"14":0,"15":0,"16":0,"17":0,"18":0,"19":0,"20":0,"21":0,"22":0,"23":0,"24":0,"25":0,"26":0},"b":{"0":[0,0,0],"1":[3,14],"2":[0,17],"3":[17,3],"4":[3,14],"5":[3,14],"6":[17,3,0],"7":[3,14],"8":[0,17],"9":[17,3],"10":[0,0],"11":[3,14],"12":[0,0],"13":[3,3],"14":[0,3],"15":[0,3],"16":[2,1],"17":[3,0],"18":[3,0],"19":[3,1,0,3],"20":[3,1,2],"21":[3,1,0,3],"22":[3,1,0,3],"23":[3,1,1,3],"24":[0,0],"25":[0,3],"26":[0,3],"27":[0,3],"28":[0,3],"29":[3,0],"30":[0,0,0],"31":[0,0],"32":[0,0],"33":[0,0],"34":[0,0],"35":[0,0,0],"36":[0,0],"37":[0,0],"38":[0,0],"39":[0,0],"40":[0,0,0],"41":[0,0],"42":[0,0],"43":[0,0],"44":[0,0],"45":[0,0,0],"46":[0,3],"47":[0,3],"48":[2,1]},"meta":{"lastBranch":49,"lastFunction":27,"lastStatement":58,"seen":{"s:11:6:38:Infinity":0,"f:11:6:11:17":0,"s:12:2:38:Infinity":1,"f:14:4:14:16":1,"s:14:16:14:Infinity":2,"b:14:23:14:44:14:44:14:63:14:63:14:92":0,"b:17:29:17:38:17:38:17:Infinity":1,"b:18:45:18:81:18:81:18:Infinity":2,"b:18:16:18:33:18:33:18:45":3,"b:20:8:20:Infinity:21:8:21:Infinity":4,"b:24:75:24:118:24:118:24:Infinity":5,"b:27:7:27:24:27:24:27:Infinity:28:8:28:Infinity":6,"b:31:55:31:69:31:69:31:87":7,"b:33:6:36:Infinity:36:8:38:Infinity":8,"b:32:5:32:22:32:22:32:Infinity":9,"b:34:21:34:28:34:28:34:Infinity":10,"b:37:6:38:Infinity:38:8:38:Infinity":11,"s:42:6:45:Infinity":3,"f:42:6:42:Infinity":2,"s:43:2:45:Infinity":4,"s:52:6:238:Infinity":5,"f:52:6:52:17":3,"s:54:18:54:Infinity":6,"s:55:20:55:Infinity":7,"s:56:19:56:Infinity":8,"s:58:10:58:35":9,"s:59:22:59:51":10,"s:60:24:60:82":11,"s:62:8:68:Infinity":12,"f:62:8:62:32":4,"b:63:4:68:Infinity:66:11:68:Infinity":12,"s:63:4:68:Infinity":13,"s:64:6:64:Infinity":14,"s:65:6:65:Infinity":15,"s:67:6:67:Infinity":16,"s:68:6:68:Infinity":17,"s:72:21:72:97":18,"b:72:47:72:89:72:89:72:97":13,"s:74:2:78:Infinity":19,"f:74:2:74:18":5,"b:75:4:76:Infinity:undefined:undefined:undefined:undefined":14,"s:75:4:76:Infinity":20,"s:76:6:76:Infinity":21,"s:80:2:84:Infinity":22,"f:80:2:80:18":6,"s:81:10:81:55":23,"f:81:10:81:26":7,"s:81:32:81:55":24,"s:82:4:82:Infinity":25,"s:83:4:83:Infinity":26,"f:83:4:83:17":8,"s:83:17:83:77":27,"s:86:2:96:Infinity":28,"f:86:2:86:18":9,"b:87:4:87:Infinity:undefined:undefined:undefined:undefined":15,"s:87:4:87:Infinity":29,"s:87:22:87:Infinity":30,"s:88:17:88:Infinity":31,"b:88:27:88:39:88:39:88:Infinity":16,"s:89:18:91:Infinity":32,"f:89:18:89:30":10,"s:90:20:90:57":33,"s:91:6:91:Infinity":34,"s:93:4:93:Infinity":35,"s:94:21:94:46":36,"s:95:4:95:Infinity":37,"f:95:4:95:17":11,"s:95:17:95:40":38,"s:99:2:238:Infinity":39,"b:102:146:102:182:102:182:102:Infinity":17,"b:106:248:106:266:106:266:106:Infinity":18,"f:124:111:124:126":12,"s:124:126:124:154":40,"b:125:14:125:25:125:25:125:38:125:38:125:Infinity:126:14:126:Infinity":19,"f:126:110:126:125":13,"s:126:125:126:152":41,"b:128:14:128:25:128:25:128:Infinity:129:14:129:Infinity":20,"f:129:104:129:119":14,"s:129:119:129:143":42,"b:131:14:131:25:131:25:131:38:131:38:131:Infinity:132:14:132:Infinity":21,"f:132:107:132:122":15,"s:132:122:132:148":43,"b:134:14:134:25:134:25:134:38:134:38:134:Infinity:135:14:135:Infinity":22,"f:135:110:135:125":16,"s:135:125:135:152":44,"f:141:14:141:29":17,"s:141:29:141:52":45,"b:146:12:146:23:146:23:146:35:146:35:146:Infinity:147:12:217:Infinity":23,"f:152:20:152:35":18,"b:153:22:157:Infinity:155:29:157:Infinity":24,"s:153:22:157:Infinity":46,"s:154:24:154:Infinity":47,"s:156:24:156:Infinity":48,"s:157:24:157:Infinity":49,"b:161:65:161:74:161:74:161:Infinity":25,"b:163:24:163:Infinity:164:24:164:Infinity":26,"b:168:113:168:156:168:156:168:Infinity":27,"b:174:94:174:109:174:109:174:Infinity":28,"b:181:19:181:Infinity:182:20:212:Infinity":29,"f:185:26:185:41":19,"s:185:41:185:70":50,"f:186:26:186:38":20,"s:186:38:186:Infinity":51,"b:186:45:186:66:186:66:186:85:186:85:186:134":30,"b:187:97:187:106:187:106:187:Infinity":31,"b:187:40:187:72:187:72:187:97":32,"b:188:234:188:324:188:324:188:Infinity":33,"b:188:177:188:209:188:209:188:234":34,"f:195:26:195:41":21,"s:195:41:195:75":52,"f:196:26:196:38":22,"s:196:38:196:Infinity":53,"b:196:45:196:66:196:66:196:85:196:85:196:139":35,"b:197:102:197:111:197:111:197:Infinity":36,"b:197:40:197:72:197:72:197:102":37,"b:198:239:198:329:198:329:198:Infinity":38,"b:198:177:198:209:198:209:198:239":39,"f:205:26:205:41":23,"s:205:41:205:71":54,"f:206:26:206:38":24,"s:206:38:206:Infinity":55,"b:206:45:206:66:206:66:206:85:206:85:206:135":40,"b:207:98:207:107:207:107:207:Infinity":41,"b:207:40:207:72:207:72:207:98":42,"b:208:235:208:325:208:325:208:Infinity":43,"b:208:177:208:209:208:209:208:235":44,"f:223:12:223:27":25,"s:223:27:223:50":56,"f:224:12:224:24":26,"s:224:24:224:Infinity":57,"b:224:31:224:52:224:52:224:71:224:71:224:114":45,"b:227:58:227:67:227:67:227:Infinity":46,"b:228:182:228:248:228:248:228:Infinity":47,"b:233:63:233:81:233:81:233:102":48}}}
,"D:\\Code\\School-system-for-admin\\components\\icons\\SidebarIcons.jsx": {"path":"D:\\Code\\School-system-for-admin\\components\\icons\\SidebarIcons.jsx","statementMap":{"0":{"start":{"line":5,"column":18},"end":{"line":5,"column":null}},"1":{"start":{"line":7,"column":13},"end":{"line":10,"column":null}},"2":{"start":{"line":8,"column":4},"end":{"line":10,"column":null}},"3":{"start":{"line":12,"column":13},"end":{"line":15,"column":null}},"4":{"start":{"line":13,"column":4},"end":{"line":15,"column":null}},"5":{"start":{"line":17,"column":13},"end":{"line":20,"column":null}},"6":{"start":{"line":18,"column":4},"end":{"line":20,"column":null}},"7":{"start":{"line":22,"column":13},"end":{"line":25,"column":null}},"8":{"start":{"line":23,"column":4},"end":{"line":25,"column":null}},"9":{"start":{"line":28,"column":13},"end":{"line":31,"column":null}},"10":{"start":{"line":29,"column":4},"end":{"line":31,"column":null}},"11":{"start":{"line":33,"column":13},"end":{"line":36,"column":null}},"12":{"start":{"line":34,"column":4},"end":{"line":36,"column":null}},"13":{"start":{"line":38,"column":13},"end":{"line":41,"column":null}},"14":{"start":{"line":39,"column":4},"end":{"line":41,"column":null}}},"fnMap":{"0":{"name":"(anonymous_0)","decl":{"start":{"line":7,"column":13},"end":{"line":7,"column":null}},"loc":{"start":{"line":8,"column":4},"end":{"line":10,"column":null}},"line":8},"1":{"name":"(anonymous_1)","decl":{"start":{"line":12,"column":13},"end":{"line":12,"column":null}},"loc":{"start":{"line":13,"column":4},"end":{"line":15,"column":null}},"line":13},"2":{"name":"(anonymous_2)","decl":{"start":{"line":17,"column":13},"end":{"line":17,"column":null}},"loc":{"start":{"line":18,"column":4},"end":{"line":20,"column":null}},"line":18},"3":{"name":"(anonymous_3)","decl":{"start":{"line":22,"column":13},"end":{"line":22,"column":null}},"loc":{"start":{"line":23,"column":4},"end":{"line":25,"column":null}},"line":23},"4":{"name":"(anonymous_4)","decl":{"start":{"line":28,"column":13},"end":{"line":28,"column":null}},"loc":{"start":{"line":29,"column":4},"end":{"line":31,"column":null}},"line":29},"5":{"name":"(anonymous_5)","decl":{"start":{"line":33,"column":13},"end":{"line":33,"column":null}},"loc":{"start":{"line":34,"column":4},"end":{"line":36,"column":null}},"line":34},"6":{"name":"(anonymous_6)","decl":{"start":{"line":38,"column":13},"end":{"line":38,"column":null}},"loc":{"start":{"line":39,"column":4},"end":{"line":41,"column":null}},"line":39}},"branchMap":{},"s":{"0":1,"1":1,"2":3,"3":1,"4":3,"5":1,"6":2,"7":1,"8":3,"9":1,"10":3,"11":1,"12":3,"13":1,"14":3},"f":{"0":3,"1":3,"2":2,"3":3,"4":3,"5":3,"6":3},"b":{},"meta":{"lastBranch":0,"lastFunction":7,"lastStatement":15,"seen":{"s:5:18:5:Infinity":0,"s:7:13:10:Infinity":1,"f:7:13:7:Infinity":0,"s:8:4:10:Infinity":2,"s:12:13:15:Infinity":3,"f:12:13:12:Infinity":1,"s:13:4:15:Infinity":4,"s:17:13:20:Infinity":5,"f:17:13:17:Infinity":2,"s:18:4:20:Infinity":6,"s:22:13:25:Infinity":7,"f:22:13:22:Infinity":3,"s:23:4:25:Infinity":8,"s:28:13:31:Infinity":9,"f:28:13:28:Infinity":4,"s:29:4:31:Infinity":10,"s:33:13:36:Infinity":11,"f:33:13:33:Infinity":5,"s:34:4:36:Infinity":12,"s:38:13:41:Infinity":13,"f:38:13:38:Infinity":6,"s:39:4:41:Infinity":14}}}
,"D:\\Code\\School-system-for-admin\\context\\DataContext.jsx": {"path":"D:\\Code\\School-system-for-admin\\context\\DataContext.jsx","statementMap":{"0":{"start":{"line":16,"column":13},"end":{"line":16,"column":51}},"1":{"start":{"line":18,"column":13},"end":{"line":281,"column":null}},"2":{"start":{"line":19,"column":18},"end":{"line":19,"column":46}},"3":{"start":{"line":20,"column":16},"end":{"line":20,"column":47}},"4":{"start":{"line":21,"column":22},"end":{"line":40,"column":null}},"5":{"start":{"line":22,"column":4},"end":{"line":38,"column":null}},"6":{"start":{"line":23,"column":20},"end":{"line":23,"column":68}},"7":{"start":{"line":25,"column":6},"end":{"line":33,"column":null}},"8":{"start":{"line":26,"column":21},"end":{"line":26,"column":38}},"9":{"start":{"line":29,"column":8},"end":{"line":30,"column":null}},"10":{"start":{"line":30,"column":10},"end":{"line":30,"column":null}},"11":{"start":{"line":33,"column":8},"end":{"line":33,"column":null}},"12":{"start":{"line":36,"column":6},"end":{"line":36,"column":null}},"13":{"start":{"line":38,"column":6},"end":{"line":38,"column":null}},"14":{"start":{"line":42,"column":31},"end":{"line":42,"column":72}},"15":{"start":{"line":43,"column":29},"end":{"line":43,"column":68}},"16":{"start":{"line":44,"column":29},"end":{"line":44,"column":68}},"17":{"start":{"line":46,"column":8},"end":{"line":55,"column":8}},"18":{"start":{"line":47,"column":18},"end":{"line":47,"column":null}},"19":{"start":{"line":49,"column":4},"end":{"line":51,"column":null}},"20":{"start":{"line":49,"column":33},"end":{"line":49,"column":null}},"21":{"start":{"line":50,"column":13},"end":{"line":51,"column":null}},"22":{"start":{"line":50,"column":35},"end":{"line":50,"column":null}},"23":{"start":{"line":51,"column":13},"end":{"line":51,"column":null}},"24":{"start":{"line":51,"column":27},"end":{"line":51,"column":null}},"25":{"start":{"line":53,"column":4},"end":{"line":53,"column":null}},"26":{"start":{"line":54,"column":4},"end":{"line":54,"column":null}},"27":{"start":{"line":54,"column":21},"end":{"line":54,"column":40}},"28":{"start":{"line":57,"column":8},"end":{"line":57,"column":45}},"29":{"start":{"line":58,"column":8},"end":{"line":58,"column":41}},"30":{"start":{"line":59,"column":8},"end":{"line":59,"column":47}},"31":{"start":{"line":60,"column":8},"end":{"line":64,"column":null}},"32":{"start":{"line":66,"column":8},"end":{"line":66,"column":53}},"33":{"start":{"line":68,"column":8},"end":{"line":88,"column":4}},"34":{"start":{"line":90,"column":2},"end":{"line":195,"column":null}},"35":{"start":{"line":91,"column":28},"end":{"line":190,"column":null}},"36":{"start":{"line":92,"column":6},"end":{"line":190,"column":null}},"37":{"start":{"line":93,"column":8},"end":{"line":93,"column":null}},"38":{"start":{"line":94,"column":70},"end":{"line":107,"column":10}},"39":{"start":{"line":109,"column":8},"end":{"line":109,"column":null}},"40":{"start":{"line":109,"column":15},"end":{"line":109,"column":null}},"41":{"start":{"line":110,"column":8},"end":{"line":110,"column":null}},"42":{"start":{"line":110,"column":16},"end":{"line":110,"column":null}},"43":{"start":{"line":111,"column":8},"end":{"line":111,"column":null}},"44":{"start":{"line":111,"column":15},"end":{"line":111,"column":null}},"45":{"start":{"line":112,"column":8},"end":{"line":112,"column":null}},"46":{"start":{"line":112,"column":15},"end":{"line":112,"column":null}},"47":{"start":{"line":113,"column":8},"end":{"line":113,"column":null}},"48":{"start":{"line":113,"column":17},"end":{"line":113,"column":null}},"49":{"start":{"line":114,"column":8},"end":{"line":114,"column":null}},"50":{"start":{"line":114,"column":17},"end":{"line":114,"column":null}},"51":{"start":{"line":115,"column":8},"end":{"line":115,"column":null}},"52":{"start":{"line":115,"column":16},"end":{"line":115,"column":null}},"53":{"start":{"line":116,"column":8},"end":{"line":116,"column":null}},"54":{"start":{"line":116,"column":18},"end":{"line":116,"column":null}},"55":{"start":{"line":117,"column":8},"end":{"line":117,"column":null}},"56":{"start":{"line":117,"column":19},"end":{"line":117,"column":null}},"57":{"start":{"line":118,"column":8},"end":{"line":118,"column":null}},"58":{"start":{"line":118,"column":17},"end":{"line":118,"column":null}},"59":{"start":{"line":120,"column":30},"end":{"line":120,"column":37}},"60":{"start":{"line":121,"column":14},"end":{"line":121,"column":47}},"61":{"start":{"line":122,"column":29},"end":{"line":126,"column":null}},"62":{"start":{"line":128,"column":32},"end":{"line":129,"column":null}},"63":{"start":{"line":129,"column":10},"end":{"line":129,"column":81}},"64":{"start":{"line":129,"column":36},"end":{"line":129,"column":81}},"65":{"start":{"line":132,"column":28},"end":{"line":132,"column":46}},"66":{"start":{"line":134,"column":8},"end":{"line":134,"column":null}},"67":{"start":{"line":134,"column":40},"end":{"line":134,"column":null}},"68":{"start":{"line":135,"column":8},"end":{"line":135,"column":null}},"69":{"start":{"line":135,"column":38},"end":{"line":135,"column":71}},"70":{"start":{"line":135,"column":74},"end":{"line":135,"column":null}},"71":{"start":{"line":137,"column":8},"end":{"line":137,"column":null}},"72":{"start":{"line":137,"column":60},"end":{"line":137,"column":115}},"73":{"start":{"line":139,"column":8},"end":{"line":140,"column":null}},"74":{"start":{"line":139,"column":68},"end":{"line":139,"column":101}},"75":{"start":{"line":140,"column":10},"end":{"line":140,"column":null}},"76":{"start":{"line":143,"column":8},"end":{"line":149,"column":null}},"77":{"start":{"line":144,"column":10},"end":{"line":149,"column":null}},"78":{"start":{"line":152,"column":8},"end":{"line":171,"column":null}},"79":{"start":{"line":153,"column":30},"end":{"line":153,"column":32}},"80":{"start":{"line":154,"column":31},"end":{"line":154,"column":63}},"81":{"start":{"line":154,"column":56},"end":{"line":154,"column":63}},"82":{"start":{"line":155,"column":16},"end":{"line":155,"column":74}},"83":{"start":{"line":155,"column":67},"end":{"line":155,"column":74}},"84":{"start":{"line":157,"column":10},"end":{"line":171,"column":null}},"85":{"start":{"line":158,"column":12},"end":{"line":170,"column":null}},"86":{"start":{"line":159,"column":14},"end":{"line":169,"column":null}},"87":{"start":{"line":160,"column":16},"end":{"line":168,"column":null}},"88":{"start":{"line":171,"column":12},"end":{"line":171,"column":null}},"89":{"start":{"line":171,"column":42},"end":{"line":171,"column":67}},"90":{"start":{"line":175,"column":8},"end":{"line":181,"column":null}},"91":{"start":{"line":176,"column":38},"end":{"line":176,"column":null}},"92":{"start":{"line":178,"column":10},"end":{"line":181,"column":null}},"93":{"start":{"line":179,"column":12},"end":{"line":179,"column":null}},"94":{"start":{"line":181,"column":12},"end":{"line":181,"column":null}},"95":{"start":{"line":185,"column":8},"end":{"line":185,"column":null}},"96":{"start":{"line":185,"column":30},"end":{"line":185,"column":null}},"97":{"start":{"line":187,"column":8},"end":{"line":187,"column":null}},"98":{"start":{"line":188,"column":8},"end":{"line":188,"column":null}},"99":{"start":{"line":190,"column":8},"end":{"line":190,"column":null}},"100":{"start":{"line":194,"column":4},"end":{"line":194,"column":null}},"101":{"start":{"line":197,"column":8},"end":{"line":224,"column":50}},"102":{"start":{"line":198,"column":25},"end":{"line":205,"column":null}},"103":{"start":{"line":207,"column":4},"end":{"line":211,"column":null}},"104":{"start":{"line":208,"column":6},"end":{"line":208,"column":null}},"105":{"start":{"line":209,"column":6},"end":{"line":209,"column":null}},"106":{"start":{"line":210,"column":6},"end":{"line":210,"column":null}},"107":{"start":{"line":213,"column":4},"end":{"line":213,"column":null}},"108":{"start":{"line":215,"column":10},"end":{"line":215,"column":null}},"109":{"start":{"line":217,"column":4},"end":{"line":220,"column":null}},"110":{"start":{"line":218,"column":6},"end":{"line":220,"column":null}},"111":{"start":{"line":219,"column":39},"end":{"line":219,"column":94}},"112":{"start":{"line":223,"column":4},"end":{"line":223,"column":null}},"113":{"start":{"line":226,"column":8},"end":{"line":243,"column":77}},"114":{"start":{"line":227,"column":4},"end":{"line":227,"column":null}},"115":{"start":{"line":228,"column":4},"end":{"line":241,"column":null}},"116":{"start":{"line":229,"column":6},"end":{"line":229,"column":null}},"117":{"start":{"line":230,"column":6},"end":{"line":230,"column":null}},"118":{"start":{"line":231,"column":6},"end":{"line":231,"column":null}},"119":{"start":{"line":232,"column":6},"end":{"line":232,"column":null}},"120":{"start":{"line":233,"column":6},"end":{"line":233,"column":null}},"121":{"start":{"line":234,"column":6},"end":{"line":234,"column":null}},"122":{"start":{"line":235,"column":6},"end":{"line":235,"column":null}},"123":{"start":{"line":236,"column":6},"end":{"line":236,"column":null}},"124":{"start":{"line":237,"column":6},"end":{"line":237,"column":null}},"125":{"start":{"line":238,"column":6},"end":{"line":238,"column":null}},"126":{"start":{"line":239,"column":6},"end":{"line":239,"column":null}},"127":{"start":{"line":241,"column":6},"end":{"line":241,"column":null}},"128":{"start":{"line":245,"column":8},"end":{"line":252,"column":8}},"129":{"start":{"line":246,"column":4},"end":{"line":246,"column":null}},"130":{"start":{"line":247,"column":4},"end":{"line":250,"column":null}},"131":{"start":{"line":248,"column":6},"end":{"line":248,"column":null}},"132":{"start":{"line":250,"column":6},"end":{"line":250,"column":null}},"133":{"start":{"line":254,"column":8},"end":{"line":279,"column":4}},"134":{"start":{"line":254,"column":31},"end":{"line":275,"column":6}},"135":{"start":{"line":281,"column":2},"end":{"line":281,"column":null}},"136":{"start":{"line":284,"column":13},"end":{"line":287,"column":null}},"137":{"start":{"line":285,"column":10},"end":{"line":285,"column":43}},"138":{"start":{"line":286,"column":4},"end":{"line":286,"column":null}},"139":{"start":{"line":286,"column":31},"end":{"line":286,"column":null}},"140":{"start":{"line":287,"column":4},"end":{"line":287,"column":null}}},"fnMap":{"0":{"name":"(anonymous_0)","decl":{"start":{"line":18,"column":13},"end":{"line":18,"column":29}},"loc":{"start":{"line":18,"column":46},"end":{"line":281,"column":null}},"line":18},"1":{"name":"(anonymous_1)","decl":{"start":{"line":21,"column":40},"end":{"line":21,"column":55}},"loc":{"start":{"line":21,"column":55},"end":{"line":40,"column":null}},"line":21},"2":{"name":"(anonymous_2)","decl":{"start":{"line":46,"column":19},"end":{"line":46,"column":32}},"loc":{"start":{"line":46,"column":40},"end":{"line":55,"column":7}},"line":46},"3":{"name":"(anonymous_3)","decl":{"start":{"line":54,"column":4},"end":{"line":54,"column":21}},"loc":{"start":{"line":54,"column":21},"end":{"line":54,"column":40}},"line":54},"4":{"name":"(anonymous_4)","decl":{"start":{"line":90,"column":2},"end":{"line":90,"column":18}},"loc":{"start":{"line":90,"column":18},"end":{"line":195,"column":7}},"line":90},"5":{"name":"(anonymous_5)","decl":{"start":{"line":91,"column":28},"end":{"line":91,"column":40}},"loc":{"start":{"line":91,"column":40},"end":{"line":190,"column":null}},"line":91},"6":{"name":"(anonymous_6)","decl":{"start":{"line":128,"column":45},"end":{"line":128,"column":52}},"loc":{"start":{"line":129,"column":10},"end":{"line":129,"column":81}},"line":129},"7":{"name":"(anonymous_7)","decl":{"start":{"line":129,"column":25},"end":{"line":129,"column":30}},"loc":{"start":{"line":129,"column":36},"end":{"line":129,"column":81}},"line":129},"8":{"name":"(anonymous_8)","decl":{"start":{"line":135,"column":27},"end":{"line":135,"column":32}},"loc":{"start":{"line":135,"column":38},"end":{"line":135,"column":71}},"line":135},"9":{"name":"(anonymous_9)","decl":{"start":{"line":137,"column":45},"end":{"line":137,"column":51}},"loc":{"start":{"line":137,"column":60},"end":{"line":137,"column":115}},"line":137},"10":{"name":"(anonymous_10)","decl":{"start":{"line":139,"column":57},"end":{"line":139,"column":62}},"loc":{"start":{"line":139,"column":68},"end":{"line":139,"column":101}},"line":139},"11":{"name":"(anonymous_11)","decl":{"start":{"line":154,"column":45},"end":{"line":154,"column":49}},"loc":{"start":{"line":154,"column":56},"end":{"line":154,"column":63}},"line":154},"12":{"name":"(anonymous_12)","decl":{"start":{"line":155,"column":56},"end":{"line":155,"column":60}},"loc":{"start":{"line":155,"column":67},"end":{"line":155,"column":74}},"line":155},"13":{"name":"(anonymous_13)","decl":{"start":{"line":158,"column":25},"end":{"line":158,"column":33}},"loc":{"start":{"line":158,"column":40},"end":{"line":170,"column":null}},"line":158},"14":{"name":"(anonymous_14)","decl":{"start":{"line":159,"column":29},"end":{"line":159,"column":37}},"loc":{"start":{"line":159,"column":44},"end":{"line":169,"column":null}},"line":159},"15":{"name":"(anonymous_15)","decl":{"start":{"line":171,"column":24},"end":{"line":171,"column":34}},"loc":{"start":{"line":171,"column":42},"end":{"line":171,"column":67}},"line":171},"16":{"name":"(anonymous_16)","decl":{"start":{"line":197,"column":36},"end":{"line":197,"column":48}},"loc":{"start":{"line":197,"column":48},"end":{"line":224,"column":6}},"line":197},"17":{"name":"(anonymous_17)","decl":{"start":{"line":207,"column":17},"end":{"line":207,"column":26}},"loc":{"start":{"line":207,"column":47},"end":{"line":211,"column":null}},"line":207},"18":{"name":"(anonymous_18)","decl":{"start":{"line":219,"column":21},"end":{"line":219,"column":26}},"loc":{"start":{"line":219,"column":39},"end":{"line":219,"column":94}},"line":219},"19":{"name":"(anonymous_19)","decl":{"start":{"line":226,"column":36},"end":{"line":226,"column":43}},"loc":{"start":{"line":226,"column":52},"end":{"line":243,"column":6}},"line":226},"20":{"name":"(anonymous_20)","decl":{"start":{"line":245,"column":31},"end":{"line":245,"column":44}},"loc":{"start":{"line":245,"column":53},"end":{"line":252,"column":7}},"line":245},"21":{"name":"(anonymous_21)","decl":{"start":{"line":254,"column":16},"end":{"line":254,"column":31}},"loc":{"start":{"line":254,"column":31},"end":{"line":275,"column":6}},"line":254},"22":{"name":"(anonymous_22)","decl":{"start":{"line":284,"column":13},"end":{"line":284,"column":29}},"loc":{"start":{"line":284,"column":29},"end":{"line":287,"column":null}},"line":284}},"branchMap":{"0":{"loc":{"start":{"line":25,"column":6},"end":{"line":33,"column":null}},"type":"if","locations":[{"start":{"line":25,"column":6},"end":{"line":33,"column":null}},{"start":{},"end":{}}],"line":25},"1":{"loc":{"start":{"line":29,"column":8},"end":{"line":30,"column":null}},"type":"if","locations":[{"start":{"line":29,"column":8},"end":{"line":30,"column":null}},{"start":{},"end":{}}],"line":29},"2":{"loc":{"start":{"line":29,"column":12},"end":{"line":29,"column":103}},"type":"binary-expr","locations":[{"start":{"line":29,"column":12},"end":{"line":29,"column":45}},{"start":{"line":29,"column":45},"end":{"line":29,"column":74}},{"start":{"line":29,"column":74},"end":{"line":29,"column":103}}],"line":29},"3":{"loc":{"start":{"line":49,"column":4},"end":{"line":51,"column":null}},"type":"if","locations":[{"start":{"line":49,"column":4},"end":{"line":51,"column":null}},{"start":{"line":50,"column":13},"end":{"line":51,"column":null}}],"line":49},"4":{"loc":{"start":{"line":50,"column":13},"end":{"line":51,"column":null}},"type":"if","locations":[{"start":{"line":50,"column":13},"end":{"line":51,"column":null}},{"start":{"line":51,"column":13},"end":{"line":51,"column":null}}],"line":50},"5":{"loc":{"start":{"line":51,"column":13},"end":{"line":51,"column":null}},"type":"if","locations":[{"start":{"line":51,"column":13},"end":{"line":51,"column":null}},{"start":{},"end":{}}],"line":51},"6":{"loc":{"start":{"line":109,"column":8},"end":{"line":109,"column":null}},"type":"if","locations":[{"start":{"line":109,"column":8},"end":{"line":109,"column":null}},{"start":{},"end":{}}],"line":109},"7":{"loc":{"start":{"line":110,"column":8},"end":{"line":110,"column":null}},"type":"if","locations":[{"start":{"line":110,"column":8},"end":{"line":110,"column":null}},{"start":{},"end":{}}],"line":110},"8":{"loc":{"start":{"line":111,"column":8},"end":{"line":111,"column":null}},"type":"if","locations":[{"start":{"line":111,"column":8},"end":{"line":111,"column":null}},{"start":{},"end":{}}],"line":111},"9":{"loc":{"start":{"line":112,"column":8},"end":{"line":112,"column":null}},"type":"if","locations":[{"start":{"line":112,"column":8},"end":{"line":112,"column":null}},{"start":{},"end":{}}],"line":112},"10":{"loc":{"start":{"line":113,"column":8},"end":{"line":113,"column":null}},"type":"if","locations":[{"start":{"line":113,"column":8},"end":{"line":113,"column":null}},{"start":{},"end":{}}],"line":113},"11":{"loc":{"start":{"line":114,"column":8},"end":{"line":114,"column":null}},"type":"if","locations":[{"start":{"line":114,"column":8},"end":{"line":114,"column":null}},{"start":{},"end":{}}],"line":114},"12":{"loc":{"start":{"line":115,"column":8},"end":{"line":115,"column":null}},"type":"if","locations":[{"start":{"line":115,"column":8},"end":{"line":115,"column":null}},{"start":{},"end":{}}],"line":115},"13":{"loc":{"start":{"line":116,"column":8},"end":{"line":116,"column":null}},"type":"if","locations":[{"start":{"line":116,"column":8},"end":{"line":116,"column":null}},{"start":{},"end":{}}],"line":116},"14":{"loc":{"start":{"line":117,"column":8},"end":{"line":117,"column":null}},"type":"if","locations":[{"start":{"line":117,"column":8},"end":{"line":117,"column":null}},{"start":{},"end":{}}],"line":117},"15":{"loc":{"start":{"line":118,"column":8},"end":{"line":118,"column":null}},"type":"if","locations":[{"start":{"line":118,"column":8},"end":{"line":118,"column":null}},{"start":{},"end":{}}],"line":118},"16":{"loc":{"start":{"line":120,"column":30},"end":{"line":120,"column":37}},"type":"binary-expr","locations":[{"start":{"line":120,"column":30},"end":{"line":120,"column":35}},{"start":{"line":120,"column":35},"end":{"line":120,"column":37}}],"line":120},"17":{"loc":{"start":{"line":129,"column":36},"end":{"line":129,"column":81}},"type":"binary-expr","locations":[{"start":{"line":129,"column":36},"end":{"line":129,"column":61}},{"start":{"line":129,"column":61},"end":{"line":129,"column":81}}],"line":129},"18":{"loc":{"start":{"line":134,"column":8},"end":{"line":134,"column":null}},"type":"if","locations":[{"start":{"line":134,"column":8},"end":{"line":134,"column":null}},{"start":{},"end":{}}],"line":134},"19":{"loc":{"start":{"line":135,"column":8},"end":{"line":135,"column":null}},"type":"if","locations":[{"start":{"line":135,"column":8},"end":{"line":135,"column":null}},{"start":{},"end":{}}],"line":135},"20":{"loc":{"start":{"line":139,"column":8},"end":{"line":140,"column":null}},"type":"if","locations":[{"start":{"line":139,"column":8},"end":{"line":140,"column":null}},{"start":{},"end":{}}],"line":139},"21":{"loc":{"start":{"line":139,"column":12},"end":{"line":139,"column":102}},"type":"binary-expr","locations":[{"start":{"line":139,"column":12},"end":{"line":139,"column":42}},{"start":{"line":139,"column":42},"end":{"line":139,"column":102}}],"line":139},"22":{"loc":{"start":{"line":143,"column":8},"end":{"line":149,"column":null}},"type":"if","locations":[{"start":{"line":143,"column":8},"end":{"line":149,"column":null}},{"start":{},"end":{}}],"line":143},"23":{"loc":{"start":{"line":152,"column":8},"end":{"line":171,"column":null}},"type":"if","locations":[{"start":{"line":152,"column":8},"end":{"line":171,"column":null}},{"start":{},"end":{}}],"line":152},"24":{"loc":{"start":{"line":152,"column":12},"end":{"line":152,"column":52}},"type":"binary-expr","locations":[{"start":{"line":152,"column":12},"end":{"line":152,"column":17}},{"start":{"line":152,"column":17},"end":{"line":152,"column":33}},{"start":{"line":152,"column":33},"end":{"line":152,"column":38}},{"start":{"line":152,"column":38},"end":{"line":152,"column":52}}],"line":152},"25":{"loc":{"start":{"line":155,"column":34},"end":{"line":155,"column":41}},"type":"binary-expr","locations":[{"start":{"line":155,"column":34},"end":{"line":155,"column":39}},{"start":{"line":155,"column":39},"end":{"line":155,"column":41}}],"line":155},"26":{"loc":{"start":{"line":157,"column":10},"end":{"line":171,"column":null}},"type":"if","locations":[{"start":{"line":157,"column":10},"end":{"line":171,"column":null}},{"start":{},"end":{}}],"line":157},"27":{"loc":{"start":{"line":175,"column":8},"end":{"line":181,"column":null}},"type":"if","locations":[{"start":{"line":175,"column":8},"end":{"line":181,"column":null}},{"start":{},"end":{}}],"line":175},"28":{"loc":{"start":{"line":178,"column":10},"end":{"line":181,"column":null}},"type":"if","locations":[{"start":{"line":178,"column":10},"end":{"line":181,"column":null}},{"start":{"line":180,"column":17},"end":{"line":181,"column":null}}],"line":178},"29":{"loc":{"start":{"line":181,"column":41},"end":{"line":181,"column":54}},"type":"binary-expr","locations":[{"start":{"line":181,"column":41},"end":{"line":181,"column":52}},{"start":{"line":181,"column":52},"end":{"line":181,"column":54}}],"line":181},"30":{"loc":{"start":{"line":185,"column":8},"end":{"line":185,"column":null}},"type":"if","locations":[{"start":{"line":185,"column":8},"end":{"line":185,"column":null}},{"start":{},"end":{}}],"line":185},"31":{"loc":{"start":{"line":217,"column":4},"end":{"line":220,"column":null}},"type":"if","locations":[{"start":{"line":217,"column":4},"end":{"line":220,"column":null}},{"start":{},"end":{}}],"line":217},"32":{"loc":{"start":{"line":217,"column":8},"end":{"line":217,"column":36}},"type":"binary-expr","locations":[{"start":{"line":217,"column":8},"end":{"line":217,"column":18}},{"start":{"line":217,"column":18},"end":{"line":217,"column":36}}],"line":217},"33":{"loc":{"start":{"line":230,"column":29},"end":{"line":230,"column":48}},"type":"binary-expr","locations":[{"start":{"line":230,"column":29},"end":{"line":230,"column":46}},{"start":{"line":230,"column":46},"end":{"line":230,"column":48}}],"line":230},"34":{"loc":{"start":{"line":231,"column":24},"end":{"line":231,"column":40}},"type":"binary-expr","locations":[{"start":{"line":231,"column":24},"end":{"line":231,"column":38}},{"start":{"line":231,"column":38},"end":{"line":231,"column":40}}],"line":231},"35":{"loc":{"start":{"line":232,"column":35},"end":{"line":232,"column":62}},"type":"binary-expr","locations":[{"start":{"line":232,"column":35},"end":{"line":232,"column":60}},{"start":{"line":232,"column":60},"end":{"line":232,"column":62}}],"line":232},"36":{"loc":{"start":{"line":233,"column":29},"end":{"line":233,"column":47}},"type":"binary-expr","locations":[{"start":{"line":233,"column":29},"end":{"line":233,"column":45}},{"start":{"line":233,"column":45},"end":{"line":233,"column":47}}],"line":233},"37":{"loc":{"start":{"line":234,"column":31},"end":{"line":234,"column":48}},"type":"binary-expr","locations":[{"start":{"line":234,"column":31},"end":{"line":234,"column":46}},{"start":{"line":234,"column":46},"end":{"line":234,"column":48}}],"line":234},"38":{"loc":{"start":{"line":235,"column":28},"end":{"line":235,"column":47}},"type":"binary-expr","locations":[{"start":{"line":235,"column":28},"end":{"line":235,"column":45}},{"start":{"line":235,"column":45},"end":{"line":235,"column":47}}],"line":235},"39":{"loc":{"start":{"line":236,"column":26},"end":{"line":236,"column":43}},"type":"binary-expr","locations":[{"start":{"line":236,"column":26},"end":{"line":236,"column":41}},{"start":{"line":236,"column":41},"end":{"line":236,"column":43}}],"line":236},"40":{"loc":{"start":{"line":237,"column":29},"end":{"line":237,"column":49}},"type":"binary-expr","locations":[{"start":{"line":237,"column":29},"end":{"line":237,"column":47}},{"start":{"line":237,"column":47},"end":{"line":237,"column":49}}],"line":237},"41":{"loc":{"start":{"line":238,"column":38},"end":{"line":238,"column":71}},"type":"binary-expr","locations":[{"start":{"line":238,"column":38},"end":{"line":238,"column":60}},{"start":{"line":238,"column":60},"end":{"line":238,"column":71}}],"line":238},"42":{"loc":{"start":{"line":247,"column":4},"end":{"line":250,"column":null}},"type":"if","locations":[{"start":{"line":247,"column":4},"end":{"line":250,"column":null}},{"start":{"line":249,"column":11},"end":{"line":250,"column":null}}],"line":247},"43":{"loc":{"start":{"line":286,"column":4},"end":{"line":286,"column":null}},"type":"if","locations":[{"start":{"line":286,"column":4},"end":{"line":286,"column":null}},{"start":{},"end":{}}],"line":286}},"s":{"0":1,"1":1,"2":0,"3":0,"4":0,"5":0,"6":0,"7":0,"8":0,"9":0,"10":0,"11":0,"12":0,"13":0,"14":0,"15":0,"16":0,"17":0,"18":0,"19":0,"20":0,"21":0,"22":0,"23":0,"24":0,"25":0,"26":0,"27":0,"28":0,"29":0,"30":0,"31":0,"32":0,"33":0,"34":0,"35":0,"36":0,"37":0,"38":0,"39":0,"40":0,"41":0,"42":0,"43":0,"44":0,"45":0,"46":0,"47":0,"48":0,"49":0,"50":0,"51":0,"52":0,"53":0,"54":0,"55":0,"56":0,"57":0,"58":0,"59":0,"60":0,"61":0,"62":0,"63":0,"64":0,"65":0,"66":0,"67":0,"68":0,"69":0,"70":0,"71":0,"72":0,"73":0,"74":0,"75":0,"76":0,"77":0,"78":0,"79":0,"80":0,"81":0,"82":0,"83":0,"84":0,"85":0,"86":0,"87":0,"88":0,"89":0,"90":0,"91":0,"92":0,"93":0,"94":0,"95":0,"96":0,"97":0,"98":0,"99":0,"100":0,"101":0,"102":0,"103":0,"104":0,"105":0,"106":0,"107":0,"108":0,"109":0,"110":0,"111":0,"112":0,"113":0,"114":0,"115":0,"116":0,"117":0,"118":0,"119":0,"120":0,"121":0,"122":0,"123":0,"124":0,"125":0,"126":0,"127":0,"128":0,"129":0,"130":0,"131":0,"132":0,"133":0,"134":0,"135":0,"136":1,"137":3,"138":3,"139":0,"140":3},"f":{"0":0,"1":0,"2":0,"3":0,"4":0,"5":0,"6":0,"7":0,"8":0,"9":0,"10":0,"11":0,"12":0,"13":0,"14":0,"15":0,"16":0,"17":0,"18":0,"19":0,"20":0,"21":0,"22":3},"b":{"0":[0,0],"1":[0,0],"2":[0,0,0],"3":[0,0],"4":[0,0],"5":[0,0],"6":[0,0],"7":[0,0],"8":[0,0],"9":[0,0],"10":[0,0],"11":[0,0],"12":[0,0],"13":[0,0],"14":[0,0],"15":[0,0],"16":[0,0],"17":[0,0],"18":[0,0],"19":[0,0],"20":[0,0],"21":[0,0],"22":[0,0],"23":[0,0],"24":[0,0,0,0],"25":[0,0],"26":[0,0],"27":[0,0],"28":[0,0],"29":[0,0],"30":[0,0],"31":[0,0],"32":[0,0],"33":[0,0],"34":[0,0],"35":[0,0],"36":[0,0],"37":[0,0],"38":[0,0],"39":[0,0],"40":[0,0],"41":[0,0],"42":[0,0],"43":[0,3]},"meta":{"lastBranch":44,"lastFunction":23,"lastStatement":141,"seen":{"s:16:13:16:51":0,"s:18:13:281:Infinity":1,"f:18:13:18:29":0,"s:19:18:19:46":2,"s:20:16:20:47":3,"s:21:22:40:Infinity":4,"f:21:40:21:55":1,"s:22:4:38:Infinity":5,"s:23:20:23:68":6,"b:25:6:33:Infinity:undefined:undefined:undefined:undefined":0,"s:25:6:33:Infinity":7,"s:26:21:26:38":8,"b:29:8:30:Infinity:undefined:undefined:undefined:undefined":1,"s:29:8:30:Infinity":9,"b:29:12:29:45:29:45:29:74:29:74:29:103":2,"s:30:10:30:Infinity":10,"s:33:8:33:Infinity":11,"s:36:6:36:Infinity":12,"s:38:6:38:Infinity":13,"s:42:31:42:72":14,"s:43:29:43:68":15,"s:44:29:44:68":16,"s:46:8:55:8":17,"f:46:19:46:32":2,"s:47:18:47:Infinity":18,"b:49:4:51:Infinity:50:13:51:Infinity":3,"s:49:4:51:Infinity":19,"s:49:33:49:Infinity":20,"b:50:13:51:Infinity:51:13:51:Infinity":4,"s:50:13:51:Infinity":21,"s:50:35:50:Infinity":22,"b:51:13:51:Infinity:undefined:undefined:undefined:undefined":5,"s:51:13:51:Infinity":23,"s:51:27:51:Infinity":24,"s:53:4:53:Infinity":25,"s:54:4:54:Infinity":26,"f:54:4:54:21":3,"s:54:21:54:40":27,"s:57:8:57:45":28,"s:58:8:58:41":29,"s:59:8:59:47":30,"s:60:8:64:Infinity":31,"s:66:8:66:53":32,"s:68:8:88:4":33,"s:90:2:195:Infinity":34,"f:90:2:90:18":4,"s:91:28:190:Infinity":35,"f:91:28:91:40":5,"s:92:6:190:Infinity":36,"s:93:8:93:Infinity":37,"s:94:70:107:10":38,"b:109:8:109:Infinity:undefined:undefined:undefined:undefined":6,"s:109:8:109:Infinity":39,"s:109:15:109:Infinity":40,"b:110:8:110:Infinity:undefined:undefined:undefined:undefined":7,"s:110:8:110:Infinity":41,"s:110:16:110:Infinity":42,"b:111:8:111:Infinity:undefined:undefined:undefined:undefined":8,"s:111:8:111:Infinity":43,"s:111:15:111:Infinity":44,"b:112:8:112:Infinity:undefined:undefined:undefined:undefined":9,"s:112:8:112:Infinity":45,"s:112:15:112:Infinity":46,"b:113:8:113:Infinity:undefined:undefined:undefined:undefined":10,"s:113:8:113:Infinity":47,"s:113:17:113:Infinity":48,"b:114:8:114:Infinity:undefined:undefined:undefined:undefined":11,"s:114:8:114:Infinity":49,"s:114:17:114:Infinity":50,"b:115:8:115:Infinity:undefined:undefined:undefined:undefined":12,"s:115:8:115:Infinity":51,"s:115:16:115:Infinity":52,"b:116:8:116:Infinity:undefined:undefined:undefined:undefined":13,"s:116:8:116:Infinity":53,"s:116:18:116:Infinity":54,"b:117:8:117:Infinity:undefined:undefined:undefined:undefined":14,"s:117:8:117:Infinity":55,"s:117:19:117:Infinity":56,"b:118:8:118:Infinity:undefined:undefined:undefined:undefined":15,"s:118:8:118:Infinity":57,"s:118:17:118:Infinity":58,"s:120:30:120:37":59,"b:120:30:120:35:120:35:120:37":16,"s:121:14:121:47":60,"s:122:29:126:Infinity":61,"s:128:32:129:Infinity":62,"f:128:45:128:52":6,"s:129:10:129:81":63,"f:129:25:129:30":7,"s:129:36:129:81":64,"b:129:36:129:61:129:61:129:81":17,"s:132:28:132:46":65,"b:134:8:134:Infinity:undefined:undefined:undefined:undefined":18,"s:134:8:134:Infinity":66,"s:134:40:134:Infinity":67,"b:135:8:135:Infinity:undefined:undefined:undefined:undefined":19,"s:135:8:135:Infinity":68,"f:135:27:135:32":8,"s:135:38:135:71":69,"s:135:74:135:Infinity":70,"s:137:8:137:Infinity":71,"f:137:45:137:51":9,"s:137:60:137:115":72,"b:139:8:140:Infinity:undefined:undefined:undefined:undefined":20,"s:139:8:140:Infinity":73,"b:139:12:139:42:139:42:139:102":21,"f:139:57:139:62":10,"s:139:68:139:101":74,"s:140:10:140:Infinity":75,"b:143:8:149:Infinity:undefined:undefined:undefined:undefined":22,"s:143:8:149:Infinity":76,"s:144:10:149:Infinity":77,"b:152:8:171:Infinity:undefined:undefined:undefined:undefined":23,"s:152:8:171:Infinity":78,"b:152:12:152:17:152:17:152:33:152:33:152:38:152:38:152:52":24,"s:153:30:153:32":79,"s:154:31:154:63":80,"f:154:45:154:49":11,"s:154:56:154:63":81,"s:155:16:155:74":82,"b:155:34:155:39:155:39:155:41":25,"f:155:56:155:60":12,"s:155:67:155:74":83,"b:157:10:171:Infinity:undefined:undefined:undefined:undefined":26,"s:157:10:171:Infinity":84,"s:158:12:170:Infinity":85,"f:158:25:158:33":13,"s:159:14:169:Infinity":86,"f:159:29:159:37":14,"s:160:16:168:Infinity":87,"s:171:12:171:Infinity":88,"f:171:24:171:34":15,"s:171:42:171:67":89,"b:175:8:181:Infinity:undefined:undefined:undefined:undefined":27,"s:175:8:181:Infinity":90,"s:176:38:176:Infinity":91,"b:178:10:181:Infinity:180:17:181:Infinity":28,"s:178:10:181:Infinity":92,"s:179:12:179:Infinity":93,"s:181:12:181:Infinity":94,"b:181:41:181:52:181:52:181:54":29,"b:185:8:185:Infinity:undefined:undefined:undefined:undefined":30,"s:185:8:185:Infinity":95,"s:185:30:185:Infinity":96,"s:187:8:187:Infinity":97,"s:188:8:188:Infinity":98,"s:190:8:190:Infinity":99,"s:194:4:194:Infinity":100,"s:197:8:224:50":101,"f:197:36:197:48":16,"s:198:25:205:Infinity":102,"s:207:4:211:Infinity":103,"f:207:17:207:26":17,"s:208:6:208:Infinity":104,"s:209:6:209:Infinity":105,"s:210:6:210:Infinity":106,"s:213:4:213:Infinity":107,"s:215:10:215:Infinity":108,"b:217:4:220:Infinity:undefined:undefined:undefined:undefined":31,"s:217:4:220:Infinity":109,"b:217:8:217:18:217:18:217:36":32,"s:218:6:220:Infinity":110,"f:219:21:219:26":18,"s:219:39:219:94":111,"s:223:4:223:Infinity":112,"s:226:8:243:77":113,"f:226:36:226:43":19,"s:227:4:227:Infinity":114,"s:228:4:241:Infinity":115,"s:229:6:229:Infinity":116,"s:230:6:230:Infinity":117,"b:230:29:230:46:230:46:230:48":33,"s:231:6:231:Infinity":118,"b:231:24:231:38:231:38:231:40":34,"s:232:6:232:Infinity":119,"b:232:35:232:60:232:60:232:62":35,"s:233:6:233:Infinity":120,"b:233:29:233:45:233:45:233:47":36,"s:234:6:234:Infinity":121,"b:234:31:234:46:234:46:234:48":37,"s:235:6:235:Infinity":122,"b:235:28:235:45:235:45:235:47":38,"s:236:6:236:Infinity":123,"b:236:26:236:41:236:41:236:43":39,"s:237:6:237:Infinity":124,"b:237:29:237:47:237:47:237:49":40,"s:238:6:238:Infinity":125,"b:238:38:238:60:238:60:238:71":41,"s:239:6:239:Infinity":126,"s:241:6:241:Infinity":127,"s:245:8:252:8":128,"f:245:31:245:44":20,"s:246:4:246:Infinity":129,"b:247:4:250:Infinity:249:11:250:Infinity":42,"s:247:4:250:Infinity":130,"s:248:6:248:Infinity":131,"s:250:6:250:Infinity":132,"s:254:8:279:4":133,"f:254:16:254:31":21,"s:254:31:275:6":134,"s:281:2:281:Infinity":135,"s:284:13:287:Infinity":136,"f:284:13:284:29":22,"s:285:10:285:43":137,"b:286:4:286:Infinity:undefined:undefined:undefined:undefined":43,"s:286:4:286:Infinity":138,"s:286:31:286:Infinity":139,"s:287:4:287:Infinity":140}}}
,"D:\\Code\\School-system-for-admin\\context\\hooks\\useAcademicData.js": {"path":"D:\\Code\\School-system-for-admin\\context\\hooks\\useAcademicData.js","statementMap":{"0":{"start":{"line":9,"column":31},"end":{"line":253,"column":1}},"1":{"start":{"line":10,"column":33},"end":{"line":10,"column":46}},"2":{"start":{"line":11,"column":41},"end":{"line":11,"column":54}},"3":{"start":{"line":12,"column":31},"end":{"line":12,"column":44}},"4":{"start":{"line":13,"column":39},"end":{"line":13,"column":52}},"5":{"start":{"line":14,"column":41},"end":{"line":14,"column":92}},"6":{"start":{"line":14,"column":57},"end":{"line":14,"column":91}},"7":{"start":{"line":15,"column":49},"end":{"line":15,"column":104}},"8":{"start":{"line":15,"column":65},"end":{"line":15,"column":103}},"9":{"start":{"line":18,"column":22},"end":{"line":30,"column":22}},"10":{"start":{"line":19,"column":7},"end":{"line":30,"column":9}},"11":{"start":{"line":20,"column":19},"end":{"line":20,"column":44}},"12":{"start":{"line":23,"column":33},"end":{"line":26,"column":19}},"13":{"start":{"line":23,"column":53},"end":{"line":26,"column":17}},"14":{"start":{"line":27,"column":16},"end":{"line":27,"column":null}},"15":{"start":{"line":29,"column":21},"end":{"line":29,"column":null}},"16":{"start":{"line":32,"column":20},"end":{"line":32,"column":76}},"17":{"start":{"line":32,"column":43},"end":{"line":32,"column":61}},"18":{"start":{"line":34,"column":30},"end":{"line":43,"column":22}},"19":{"start":{"line":35,"column":7},"end":{"line":43,"column":9}},"20":{"start":{"line":36,"column":19},"end":{"line":36,"column":44}},"21":{"start":{"line":39,"column":35},"end":{"line":39,"column":71}},"22":{"start":{"line":39,"column":60},"end":{"line":39,"column":69}},"23":{"start":{"line":40,"column":16},"end":{"line":40,"column":null}},"24":{"start":{"line":40,"column":37},"end":{"line":40,"column":84}},"25":{"start":{"line":42,"column":21},"end":{"line":42,"column":null}},"26":{"start":{"line":45,"column":23},"end":{"line":45,"column":101}},"27":{"start":{"line":45,"column":49},"end":{"line":45,"column":78}},"28":{"start":{"line":47,"column":23},"end":{"line":58,"column":18}},"29":{"start":{"line":48,"column":8},"end":{"line":48,"column":null}},"30":{"start":{"line":48,"column":27},"end":{"line":48,"column":56}},"31":{"start":{"line":48,"column":44},"end":{"line":48,"column":55}},"32":{"start":{"line":49,"column":8},"end":{"line":49,"column":null}},"33":{"start":{"line":49,"column":31},"end":{"line":49,"column":65}},"34":{"start":{"line":49,"column":48},"end":{"line":49,"column":64}},"35":{"start":{"line":50,"column":8},"end":{"line":50,"column":null}},"36":{"start":{"line":50,"column":30},"end":{"line":50,"column":64}},"37":{"start":{"line":50,"column":47},"end":{"line":50,"column":63}},"38":{"start":{"line":51,"column":8},"end":{"line":51,"column":null}},"39":{"start":{"line":51,"column":26},"end":{"line":51,"column":60}},"40":{"start":{"line":51,"column":43},"end":{"line":51,"column":59}},"41":{"start":{"line":53,"column":8},"end":{"line":57,"column":null}},"42":{"start":{"line":54,"column":12},"end":{"line":54,"column":null}},"43":{"start":{"line":56,"column":12},"end":{"line":56,"column":null}},"44":{"start":{"line":61,"column":26},"end":{"line":76,"column":22}},"45":{"start":{"line":62,"column":7},"end":{"line":76,"column":9}},"46":{"start":{"line":63,"column":19},"end":{"line":63,"column":48}},"47":{"start":{"line":66,"column":36},"end":{"line":66,"column":89}},"48":{"start":{"line":66,"column":58},"end":{"line":66,"column":87}},"49":{"start":{"line":67,"column":32},"end":{"line":72,"column":87}},"50":{"start":{"line":68,"column":38},"end":{"line":71,"column":21}},"51":{"start":{"line":72,"column":35},"end":{"line":72,"column":86}},"52":{"start":{"line":73,"column":16},"end":{"line":73,"column":null}},"53":{"start":{"line":75,"column":21},"end":{"line":75,"column":null}},"54":{"start":{"line":78,"column":25},"end":{"line":78,"column":89}},"55":{"start":{"line":78,"column":48},"end":{"line":78,"column":70}},"56":{"start":{"line":80,"column":28},"end":{"line":87,"column":18}},"57":{"start":{"line":81,"column":8},"end":{"line":81,"column":null}},"58":{"start":{"line":81,"column":31},"end":{"line":81,"column":60}},"59":{"start":{"line":81,"column":48},"end":{"line":81,"column":59}},"60":{"start":{"line":82,"column":8},"end":{"line":86,"column":null}},"61":{"start":{"line":83,"column":12},"end":{"line":83,"column":null}},"62":{"start":{"line":85,"column":12},"end":{"line":85,"column":null}},"63":{"start":{"line":89,"column":34},"end":{"line":121,"column":18}},"64":{"start":{"line":90,"column":29},"end":{"line":90,"column":64}},"65":{"start":{"line":91,"column":8},"end":{"line":120,"column":null}},"66":{"start":{"line":92,"column":38},"end":{"line":92,"column":71}},"67":{"start":{"line":93,"column":40},"end":{"line":95,"column":13}},"68":{"start":{"line":94,"column":16},"end":{"line":94,"column":null}},"69":{"start":{"line":97,"column":12},"end":{"line":99,"column":null}},"70":{"start":{"line":98,"column":16},"end":{"line":98,"column":null}},"71":{"start":{"line":98,"column":65},"end":{"line":98,"column":111}},"72":{"start":{"line":101,"column":35},"end":{"line":106,"column":15}},"73":{"start":{"line":101,"column":58},"end":{"line":106,"column":13}},"74":{"start":{"line":108,"column":12},"end":{"line":116,"column":null}},"75":{"start":{"line":109,"column":23},"end":{"line":109,"column":52}},"76":{"start":{"line":112,"column":45},"end":{"line":112,"column":84}},"77":{"start":{"line":112,"column":62},"end":{"line":112,"column":83}},"78":{"start":{"line":113,"column":20},"end":{"line":113,"column":null}},"79":{"start":{"line":115,"column":25},"end":{"line":115,"column":null}},"80":{"start":{"line":118,"column":12},"end":{"line":118,"column":null}},"81":{"start":{"line":119,"column":12},"end":{"line":119,"column":null}},"82":{"start":{"line":124,"column":20},"end":{"line":130,"column":22}},"83":{"start":{"line":125,"column":7},"end":{"line":130,"column":9}},"84":{"start":{"line":126,"column":19},"end":{"line":126,"column":43}},"85":{"start":{"line":128,"column":22},"end":{"line":128,"column":71}},"86":{"start":{"line":129,"column":21},"end":{"line":129,"column":null}},"87":{"start":{"line":132,"column":23},"end":{"line":138,"column":22}},"88":{"start":{"line":133,"column":7},"end":{"line":138,"column":9}},"89":{"start":{"line":134,"column":19},"end":{"line":134,"column":43}},"90":{"start":{"line":136,"column":22},"end":{"line":136,"column":70}},"91":{"start":{"line":136,"column":36},"end":{"line":136,"column":69}},"92":{"start":{"line":137,"column":21},"end":{"line":137,"column":null}},"93":{"start":{"line":140,"column":26},"end":{"line":149,"column":22}},"94":{"start":{"line":141,"column":7},"end":{"line":149,"column":9}},"95":{"start":{"line":142,"column":19},"end":{"line":142,"column":43}},"96":{"start":{"line":145,"column":35},"end":{"line":145,"column":71}},"97":{"start":{"line":145,"column":60},"end":{"line":145,"column":69}},"98":{"start":{"line":146,"column":16},"end":{"line":146,"column":null}},"99":{"start":{"line":146,"column":44},"end":{"line":146,"column":65}},"100":{"start":{"line":148,"column":21},"end":{"line":148,"column":null}},"101":{"start":{"line":151,"column":31},"end":{"line":158,"column":10}},"102":{"start":{"line":152,"column":27},"end":{"line":152,"column":63}},"103":{"start":{"line":152,"column":52},"end":{"line":152,"column":61}},"104":{"start":{"line":153,"column":8},"end":{"line":157,"column":null}},"105":{"start":{"line":154,"column":30},"end":{"line":154,"column":86}},"106":{"start":{"line":154,"column":51},"end":{"line":154,"column":72}},"107":{"start":{"line":155,"column":12},"end":{"line":155,"column":null}},"108":{"start":{"line":156,"column":12},"end":{"line":156,"column":null}},"109":{"start":{"line":160,"column":30},"end":{"line":171,"column":37}},"110":{"start":{"line":161,"column":32},"end":{"line":161,"column":78}},"111":{"start":{"line":161,"column":56},"end":{"line":161,"column":77}},"112":{"start":{"line":162,"column":8},"end":{"line":162,"column":null}},"113":{"start":{"line":162,"column":42},"end":{"line":162,"column":null}},"114":{"start":{"line":164,"column":8},"end":{"line":164,"column":null}},"115":{"start":{"line":166,"column":8},"end":{"line":170,"column":null}},"116":{"start":{"line":167,"column":30},"end":{"line":167,"column":69}},"117":{"start":{"line":167,"column":47},"end":{"line":167,"column":68}},"118":{"start":{"line":168,"column":12},"end":{"line":168,"column":null}},"119":{"start":{"line":169,"column":12},"end":{"line":169,"column":null}},"120":{"start":{"line":173,"column":31},"end":{"line":182,"column":22}},"121":{"start":{"line":174,"column":7},"end":{"line":182,"column":9}},"122":{"start":{"line":175,"column":19},"end":{"line":175,"column":47}},"123":{"start":{"line":178,"column":35},"end":{"line":178,"column":71}},"124":{"start":{"line":178,"column":60},"end":{"line":178,"column":69}},"125":{"start":{"line":179,"column":16},"end":{"line":179,"column":null}},"126":{"start":{"line":179,"column":44},"end":{"line":179,"column":65}},"127":{"start":{"line":181,"column":21},"end":{"line":181,"column":null}},"128":{"start":{"line":184,"column":36},"end":{"line":191,"column":10}},"129":{"start":{"line":185,"column":27},"end":{"line":185,"column":63}},"130":{"start":{"line":185,"column":52},"end":{"line":185,"column":61}},"131":{"start":{"line":186,"column":8},"end":{"line":190,"column":null}},"132":{"start":{"line":187,"column":30},"end":{"line":187,"column":86}},"133":{"start":{"line":187,"column":51},"end":{"line":187,"column":72}},"134":{"start":{"line":188,"column":12},"end":{"line":188,"column":null}},"135":{"start":{"line":189,"column":12},"end":{"line":189,"column":null}},"136":{"start":{"line":193,"column":34},"end":{"line":204,"column":46}},"137":{"start":{"line":194,"column":32},"end":{"line":194,"column":82}},"138":{"start":{"line":194,"column":60},"end":{"line":194,"column":81}},"139":{"start":{"line":195,"column":8},"end":{"line":195,"column":null}},"140":{"start":{"line":195,"column":42},"end":{"line":195,"column":null}},"141":{"start":{"line":197,"column":8},"end":{"line":197,"column":null}},"142":{"start":{"line":199,"column":8},"end":{"line":203,"column":null}},"143":{"start":{"line":200,"column":30},"end":{"line":200,"column":69}},"144":{"start":{"line":200,"column":47},"end":{"line":200,"column":68}},"145":{"start":{"line":201,"column":12},"end":{"line":201,"column":null}},"146":{"start":{"line":202,"column":12},"end":{"line":202,"column":null}},"147":{"start":{"line":206,"column":23},"end":{"line":213,"column":18}},"148":{"start":{"line":207,"column":8},"end":{"line":207,"column":null}},"149":{"start":{"line":207,"column":26},"end":{"line":207,"column":55}},"150":{"start":{"line":207,"column":43},"end":{"line":207,"column":54}},"151":{"start":{"line":208,"column":8},"end":{"line":212,"column":null}},"152":{"start":{"line":209,"column":12},"end":{"line":209,"column":null}},"153":{"start":{"line":211,"column":12},"end":{"line":211,"column":null}},"154":{"start":{"line":216,"column":25},"end":{"line":222,"column":22}},"155":{"start":{"line":217,"column":7},"end":{"line":222,"column":9}},"156":{"start":{"line":218,"column":19},"end":{"line":218,"column":47}},"157":{"start":{"line":220,"column":22},"end":{"line":220,"column":112}},"158":{"start":{"line":221,"column":21},"end":{"line":221,"column":null}},"159":{"start":{"line":224,"column":28},"end":{"line":230,"column":22}},"160":{"start":{"line":225,"column":7},"end":{"line":230,"column":9}},"161":{"start":{"line":226,"column":19},"end":{"line":226,"column":47}},"162":{"start":{"line":228,"column":22},"end":{"line":228,"column":70}},"163":{"start":{"line":228,"column":36},"end":{"line":228,"column":69}},"164":{"start":{"line":229,"column":21},"end":{"line":229,"column":null}},"165":{"start":{"line":232,"column":28},"end":{"line":239,"column":18}},"166":{"start":{"line":233,"column":8},"end":{"line":233,"column":null}},"167":{"start":{"line":233,"column":30},"end":{"line":233,"column":59}},"168":{"start":{"line":233,"column":47},"end":{"line":233,"column":58}},"169":{"start":{"line":234,"column":8},"end":{"line":238,"column":null}},"170":{"start":{"line":235,"column":12},"end":{"line":235,"column":null}},"171":{"start":{"line":237,"column":12},"end":{"line":237,"column":null}},"172":{"start":{"line":241,"column":4},"end":{"line":252,"column":null}}},"fnMap":{"0":{"name":"(anonymous_0)","decl":{"start":{"line":9,"column":31},"end":{"line":9,"column":32}},"loc":{"start":{"line":9,"column":45},"end":{"line":253,"column":1}},"line":9},"1":{"name":"(anonymous_1)","decl":{"start":{"line":14,"column":51},"end":{"line":14,"column":52}},"loc":{"start":{"line":14,"column":57},"end":{"line":14,"column":91}},"line":14},"2":{"name":"(anonymous_2)","decl":{"start":{"line":15,"column":59},"end":{"line":15,"column":60}},"loc":{"start":{"line":15,"column":65},"end":{"line":15,"column":103}},"line":15},"3":{"name":"(anonymous_3)","decl":{"start":{"line":18,"column":35},"end":{"line":18,"column":36}},"loc":{"start":{"line":19,"column":7},"end":{"line":30,"column":9}},"line":19},"4":{"name":"(anonymous_4)","decl":{"start":{"line":20,"column":12},"end":{"line":20,"column":13}},"loc":{"start":{"line":20,"column":19},"end":{"line":20,"column":44}},"line":20},"5":{"name":"(anonymous_5)","decl":{"start":{"line":22,"column":12},"end":{"line":22,"column":13}},"loc":{"start":{"line":22,"column":22},"end":{"line":28,"column":13}},"line":22},"6":{"name":"(anonymous_6)","decl":{"start":{"line":23,"column":42},"end":{"line":23,"column":43}},"loc":{"start":{"line":23,"column":53},"end":{"line":26,"column":17}},"line":23},"7":{"name":"(anonymous_7)","decl":{"start":{"line":29,"column":12},"end":{"line":29,"column":13}},"loc":{"start":{"line":29,"column":21},"end":{"line":29,"column":null}},"line":29},"8":{"name":"(anonymous_8)","decl":{"start":{"line":32,"column":33},"end":{"line":32,"column":34}},"loc":{"start":{"line":32,"column":43},"end":{"line":32,"column":61}},"line":32},"9":{"name":"(anonymous_9)","decl":{"start":{"line":34,"column":43},"end":{"line":34,"column":44}},"loc":{"start":{"line":35,"column":7},"end":{"line":43,"column":9}},"line":35},"10":{"name":"(anonymous_10)","decl":{"start":{"line":36,"column":12},"end":{"line":36,"column":13}},"loc":{"start":{"line":36,"column":19},"end":{"line":36,"column":44}},"line":36},"11":{"name":"(anonymous_11)","decl":{"start":{"line":38,"column":12},"end":{"line":38,"column":13}},"loc":{"start":{"line":38,"column":22},"end":{"line":41,"column":13}},"line":38},"12":{"name":"(anonymous_12)","decl":{"start":{"line":39,"column":55},"end":{"line":39,"column":56}},"loc":{"start":{"line":39,"column":60},"end":{"line":39,"column":69
[...]
:26},"end":{"line":147,"column":7}},"36":{"start":{"line":140,"column":27},"end":{"line":140,"column":53}},"37":{"start":{"line":150,"column":28},"end":{"line":193,"column":7}},"38":{"start":{"line":151,"column":8},"end":{"line":151,"column":47}},"39":{"start":{"line":151,"column":40},"end":{"line":151,"column":47}},"40":{"start":{"line":152,"column":8},"end":{"line":152,"column":47}},"41":{"start":{"line":152,"column":40},"end":{"line":152,"column":47}},"42":{"start":{"line":154,"column":25},"end":{"line":154,"column":63}},"43":{"start":{"line":155,"column":27},"end":{"line":155,"column":75}},"44":{"start":{"line":155,"column":51},"end":{"line":155,"column":74}},"45":{"start":{"line":157,"column":8},"end":{"line":161,"column":9}},"46":{"start":{"line":158,"column":10},"end":{"line":158,"column":44}},"47":{"start":{"line":159,"column":10},"end":{"line":159,"column":42}},"48":{"start":{"line":160,"column":10},"end":{"line":160,"column":17}},"49":{"start":{"line":163,"column":8},"end":{"line":165,"column":10}},"50":{"start":{"line":167,"column":26},"end":{"line":167,"column":69}},"51":{"start":{"line":169,"column":8},"end":{"line":189,"column":9}},"52":{"start":{"line":170,"column":10},"end":{"line":170,"column":74}},"53":{"start":{"line":172,"column":19},"end":{"line":172,"column":20}},"54":{"start":{"line":173,"column":21},"end":{"line":173,"column":22}},"55":{"start":{"line":174,"column":10},"end":{"line":187,"column":11}},"56":{"start":{"line":175,"column":41},"end":{"line":177,"column":31}},"57":{"start":{"line":179,"column":12},"end":{"line":186,"column":13}},"58":{"start":{"line":180,"column":14},"end":{"line":180,"column":21}},"59":{"start":{"line":181,"column":14},"end":{"line":183,"column":16}},"60":{"start":{"line":185,"column":14},"end":{"line":185,"column":19}},"61":{"start":{"line":188,"column":10},"end":{"line":188,"column":75}},"62":{"start":{"line":191,"column":8},"end":{"line":191,"column":42}},"63":{"start":{"line":192,"column":8},"end":{"line":192,"column":40}},"64":{"start":{"line":196,"column":6},"end":{"line":198,"column":7}},"65":{"start":{"line":197,"column":8},"end":{"line":197,"column":34}},"66":{"start":{"line":200,"column":6},"end":{"line":202,"column":7}},"67":{"start":{"line":201,"column":8},"end":{"line":201,"column":34}},"68":{"start":{"line":204,"column":6},"end":{"line":204,"column":42}},"69":{"start":{"line":206,"column":6},"end":{"line":206,"column":46}},"70":{"start":{"line":207,"column":6},"end":{"line":207,"column":16}}},"fnMap":{"0":{"name":"(anonymous_0)","decl":{"start":{"line":27,"column":8},"end":{"line":27,"column":21}},"loc":{"start":{"line":27,"column":28},"end":{"line":69,"column":3}},"line":27},"1":{"name":"(anonymous_1)","decl":{"start":{"line":77,"column":8},"end":{"line":77,"column":15}},"loc":{"start":{"line":77,"column":25},"end":{"line":209,"column":3}},"line":77},"2":{"name":"(anonymous_2)","decl":{"start":{"line":87,"column":27},"end":{"line":87,"column":28}},"loc":{"start":{"line":88,"column":12},"end":{"line":88,"column":62}},"line":88},"3":{"name":"(anonymous_3)","decl":{"start":{"line":140,"column":20},"end":{"line":140,"column":21}},"loc":{"start":{"line":140,"column":27},"end":{"line":140,"column":53}},"line":140},"4":{"name":"(anonymous_4)","decl":{"start":{"line":150,"column":28},"end":{"line":150,"column":33}},"loc":{"start":{"line":150,"column":55},"end":{"line":193,"column":7}},"line":150},"5":{"name":"(anonymous_5)","decl":{"start":{"line":155,"column":39},"end":{"line":155,"column":40}},"loc":{"start":{"line":155,"column":51},"end":{"line":155,"column":74}},"line":155}},"branchMap":{"0":{"loc":{"start":{"line":30,"column":4},"end":{"line":36,"column":5}},"type":"if","locations":[{"start":{"line":30,"column":4},"end":{"line":36,"column":5}},{"start":{},"end":{}}],"line":30},"1":{"loc":{"start":{"line":31,"column":6},"end":{"line":33,"column":30}},"type":"binary-expr","locations":[{"start":{"line":31,"column":6},"end":{"line":31,"column":19}},{"start":{"line":32,"column":6},"end":{"line":32,"column":34}},{"start":{"line":33,"column":6},"end":{"line":33,"column":30}}],"line":31},"2":{"loc":{"start":{"line":38,"column":4},"end":{"line":40,"column":5}},"type":"if","locations":[{"start":{"line":38,"column":4},"end":{"line":40,"column":5}},{"start":{},"end":{}}],"line":38},"3":{"loc":{"start":{"line":38,"column":8},"end":{"line":38,"column":72}},"type":"binary-expr","locations":[{"start":{"line":38,"column":8},"end":{"line":38,"column":18}},{"start":{"line":38,"column":22},"end":{"line":38,"column":47}},{"start":{"line":38,"column":51},"end":{"line":38,"column":72}}],"line":38},"4":{"loc":{"start":{"line":42,"column":4},"end":{"line":44,"column":5}},"type":"if","locations":[{"start":{"line":42,"column":4},"end":{"line":44,"column":5}},{"start":{},"end":{}}],"line":42},"5":{"loc":{"start":{"line":42,"column":8},"end":{"line":42,"column":78}},"type":"binary-expr","locations":[{"start":{"line":42,"column":8},"end":{"line":42,"column":20}},{"start":{"line":42,"column":24},"end":{"line":42,"column":51}},{"start":{"line":42,"column":55},"end":{"line":42,"column":78}}],"line":42},"6":{"loc":{"start":{"line":46,"column":4},"end":{"line":48,"column":5}},"type":"if","locations":[{"start":{"line":46,"column":4},"end":{"line":48,"column":5}},{"start":{},"end":{}}],"line":46},"7":{"loc":{"start":{"line":46,"column":8},"end":{"line":46,"column":75}},"type":"binary-expr","locations":[{"start":{"line":46,"column":8},"end":{"line":46,"column":19}},{"start":{"line":46,"column":23},"end":{"line":46,"column":49}},{"start":{"line":46,"column":53},"end":{"line":46,"column":75}}],"line":46},"8":{"loc":{"start":{"line":50,"column":4},"end":{"line":52,"column":5}},"type":"if","locations":[{"start":{"line":50,"column":4},"end":{"line":52,"column":5}},{"start":{},"end":{}}],"line":50},"9":{"loc":{"start":{"line":50,"column":8},"end":{"line":50,"column":53}},"type":"binary-expr","locations":[{"start":{"line":50,"column":8},"end":{"line":50,"column":21}},{"start":{"line":50,"column":25},"end":{"line":50,"column":53}}],"line":50},"10":{"loc":{"start":{"line":54,"column":4},"end":{"line":56,"column":5}},"type":"if","locations":[{"start":{"line":54,"column":4},"end":{"line":56,"column":5}},{"start":{},"end":{}}],"line":54},"11":{"loc":{"start":{"line":54,"column":8},"end":{"line":54,"column":49}},"type":"binary-expr","locations":[{"start":{"line":54,"column":8},"end":{"line":54,"column":19}},{"start":{"line":54,"column":23},"end":{"line":54,"column":49}}],"line":54},"12":{"loc":{"start":{"line":58,"column":4},"end":{"line":60,"column":5}},"type":"if","locations":[{"start":{"line":58,"column":4},"end":{"line":60,"column":5}},{"start":{},"end":{}}],"line":58},"13":{"loc":{"start":{"line":58,"column":8},"end":{"line":58,"column":55}},"type":"binary-expr","locations":[{"start":{"line":58,"column":8},"end":{"line":58,"column":22}},{"start":{"line":58,"column":26},"end":{"line":58,"column":55}}],"line":58},"14":{"loc":{"start":{"line":62,"column":4},"end":{"line":64,"column":5}},"type":"if","locations":[{"start":{"line":62,"column":4},"end":{"line":64,"column":5}},{"start":{},"end":{}}],"line":62},"15":{"loc":{"start":{"line":66,"column":4},"end":{"line":68,"column":5}},"type":"if","locations":[{"start":{"line":66,"column":4},"end":{"line":68,"column":5}},{"start":{},"end":{}}],"line":66},"16":{"loc":{"start":{"line":79,"column":4},"end":{"line":79,"column":45}},"type":"if","locations":[{"start":{"line":79,"column":4},"end":{"line":79,"column":45}},{"start":{},"end":{}}],"line":79},"17":{"loc":{"start":{"line":79,"column":8},"end":{"line":79,"column":36}},"type":"binary-expr","locations":[{"start":{"line":79,"column":8},"end":{"line":79,"column":15}},{"start":{"line":79,"column":19},"end":{"line":79,"column":36}}],"line":79},"18":{"loc":{"start":{"line":84,"column":6},"end":{"line":92,"column":7}},"type":"if","locations":[{"start":{"line":84,"column":6},"end":{"line":92,"column":7}},{"start":{},"end":{}}],"line":84},"19":{"loc":{"start":{"line":95,"column":6},"end":{"line":99,"column":7}},"type":"if","locations":[{"start":{"line":95,"column":6},"end":{"line":99,"column":7}},{"start":{},"end":{}}],"line":95},"20":{"loc":{"start":{"line":107,"column":16},"end":{"line":107,"column":60}},"type":"binary-expr","locations":[{"start":{"line":107,"column":16},"end":{"line":107,"column":54}},{"start":{"line":107,"column":58},"end":{"line":107,"column":60}}],"line":107},"21":{"loc":{"start":{"line":111,"column":16},"end":{"line":111,"column":55}},"type":"binary-expr","locations":[{"start":{"line":111,"column":16},"end":{"line":111,"column":49}},{"start":{"line":111,"column":53},"end":{"line":111,"column":55}}],"line":111},"22":{"loc":{"start":{"line":115,"column":16},"end":{"line":115,"column":57}},"type":"binary-expr","locations":[{"start":{"line":115,"column":16},"end":{"line":115,"column":51}},{"start":{"line":115,"column":55},"end":{"line":115,"column":57}}],"line":115},"23":{"loc":{"start":{"line":119,"column":16},"end":{"line":119,"column":36}},"type":"binary-expr","locations":[{"start":{"line":119,"column":16},"end":{"line":119,"column":30}},{"start":{"line":119,"column":34},"end":{"line":119,"column":36}}],"line":119},"24":{"loc":{"start":{"line":131,"column":16},"end":{"line":131,"column":76}},"type":"binary-expr","locations":[{"start":{"line":131,"column":16},"end":{"line":131,"column":70}},{"start":{"line":131,"column":74},"end":{"line":131,"column":76}}],"line":131},"25":{"loc":{"start":{"line":135,"column":16},"end":{"line":135,"column":66}},"type":"binary-expr","locations":[{"start":{"line":135,"column":16},"end":{"line":135,"column":60}},{"start":{"line":135,"column":64},"end":{"line":135,"column":66}}],"line":135},"26":{"loc":{"start":{"line":139,"column":17},"end":{"line":139,"column":37}},"type":"binary-expr","locations":[{"start":{"line":139,"column":17},"end":{"line":139,"column":31}},{"start":{"line":139,"column":35},"end":{"line":139,"column":37}}],"line":139},"27":{"loc":{"start":{"line":145,"column":16},"end":{"line":145,"column":65}},"type":"binary-expr","locations":[{"start":{"line":145,"column":16},"end":{"line":145,"column":59}},{"start":{"line":145,"column":63},"end":{"line":145,"column":65}}],"line":145},"28":{"loc":{"start":{"line":151,"column":8},"end":{"line":151,"column":47}},"type":"if","locations":[{"start":{"line":151,"column":8},"end":{"line":151,"column":47}},{"start":{},"end":{}}],"line":151},"29":{"loc":{"start":{"line":151,"column":12},"end":{"line":151,"column":38}},"type":"binary-expr","locations":[{"start":{"line":151,"column":12},"end":{"line":151,"column":17}},{"start":{"line":151,"column":21},"end":{"line":151,"column":38}}],"line":151},"30":{"loc":{"start":{"line":152,"column":8},"end":{"line":152,"column":47}},"type":"if","locations":[{"start":{"line":152,"column":8},"end":{"line":152,"column":47}},{"start":{},"end":{}}],"line":152},"31":{"loc":{"start":{"line":157,"column":8},"end":{"line":161,"column":9}},"type":"if","locations":[{"start":{"line":157,"column":8},"end":{"line":161,"column":9}},{"start":{},"end":{}}],"line":157},"32":{"loc":{"start":{"line":169,"column":8},"end":{"line":189,"column":9}},"type":"if","locations":[{"start":{"line":169,"column":8},"end":{"line":189,"column":9}},{"start":{},"end":{}}],"line":169},"33":{"loc":{"start":{"line":179,"column":12},"end":{"line":186,"column":13}},"type":"if","locations":[{"start":{"line":179,"column":12},"end":{"line":186,"column":13}},{"start":{"line":184,"column":19},"end":{"line":186,"column":13}}],"line":179}},"s":{"0":1,"1":0,"2":0,"3":0,"4":0,"5":0,"6":0,"7":0,"8":0,"9":0,"10":0,"11":0,"12":0,"13":0,"14":0,"15":0,"16":0,"17":0,"18":0,"19":0,"20":0,"21":0,"22":0,"23":0,"24":0,"25":0,"26":0,"27":0,"28":0,"29":0,"30":0,"31":0,"32":0,"33":0,"34":0,"35":0,"36":0,"37":0,"38":0,"39":0,"40":0,"41":0,"42":0,"43":0,"44":0,"45":0,"46":0,"47":0,"48":0,"49":0,"50":0,"51":0,"52":0,"53":0,"54":0,"55":0,"56":0,"57":0,"58":0,"59":0,"60":0,"61":0,"62":0,"63":0,"64":0,"65":0,"66":0,"67":0,"68":0,"69":0,"70":0},"f":{"0":0,"1":0,"2":0,"3":0,"4":0,"5":0},"b":{"0":[0,0],"1":[0,0,0],"2":[0,0],"3":[0,0,0],"4":[0,0],"5":[0,0,0],"6":[0,0],"7":[0,0,0],"8":[0,0],"9":[0,0],"10":[0,0],"11":[0,0],"12":[0,0],"13":[0,0],"14":[0,0],"15":[0,0],"16":[0,0],"17":[0,0],"18":[0,0],"19":[0,0],"20":[0,0],"21":[0,0],"22":[0,0],"23":[0,0],"24":[0,0],"25":[0,0],"26":[0,0],"27":[0,0],"28":[0,0],"29":[0,0],"30":[0,0],"31":[0,0],"32":[0,0],"33":[0,0]},"meta":{"lastBranch":34,"lastFunction":6,"lastStatement":71,"seen":{"s:20:27:210:1":0,"f:27:8:27:21":0,"s:28:18:28:20":1,"b:30:4:36:5:undefined:undefined:undefined:undefined":0,"s:30:4:36:5":2,"b:31:6:31:19:32:6:32:34:33:6:33:30":1,"s:35:6:35:61":3,"b:38:4:40:5:undefined:undefined:undefined:undefined":2,"s:38:4:40:5":4,"b:38:8:38:18:38:22:38:47:38:51:38:72":3,"s:39:6:39:53":5,"b:42:4:44:5:undefined:undefined:undefined:undefined":4,"s:42:4:44:5":6,"b:42:8:42:20:42:24:42:51:42:55:42:78":5,"s:43:6:43:57":7,"b:46:4:48:5:undefined:undefined:undefined:undefined":6,"s:46:4:48:5":8,"b:46:8:46:19:46:23:46:49:46:53:46:75":7,"s:47:6:47:53":9,"b:50:4:52:5:undefined:undefined:undefined:undefined":8,"s:50:4:52:5":10,"b:50:8:50:21:50:25:50:53":9,"s:51:6:51:60":11,"b:54:4:56:5:undefined:undefined:undefined:undefined":10,"s:54:4:56:5":12,"b:54:8:54:19:54:23:54:49":11,"s:55:6:55:56":13,"b:58:4:60:5:undefined:undefined:undefined:undefined":12,"s:58:4:60:5":14,"b:58:8:58:22:58:26:58:55":13,"s:59:6:59:62":15,"b:62:4:64:5:undefined:undefined:undefined:undefined":14,"s:62:4:64:5":16,"s:63:6:63:70":17,"b:66:4:68:5:undefined:undefined:undefined:undefined":15,"s:66:4:68:5":18,"s:67:6:67:31":19,"f:77:8:77:15":1,"s:78:18:78:32":20,"b:79:4:79:45:undefined:undefined:undefined:undefined":16,"s:79:4:79:45":21,"b:79:8:79:15:79:19:79:36":17,"s:79:38:79:45":22,"s:81:4:208:5":23,"s:83:27:83:62":24,"b:84:6:92:7:undefined:undefined:undefined:undefined":18,"s:84:6:92:7":25,"s:85:8:85:77":26,"s:86:8:90:10":27,"f:87:27:87:28":2,"s:88:12:88:62":28,"s:91:8:91:44":29,"s:94:27:94:29":30,"b:95:6:99:7:undefined:undefined:undefined:undefined":19,"s:95:6:99:7":31,"s:96:8:98:9":32,"s:97:10:97:31":33,"s:104:27:125:7":34,"b:107:16:107:54:107:58:107:60":20,"b:111:16:111:49:111:53:111:55":21,"b:115:16:115:51:115:55:115:57":22,"b:119:16:119:30:119:34:119:36":23,"s:128:26:147:7":35,"b:131:16:131:70:131:74:131:76":24,"b:135:16:135:60:135:64:135:66":25,"b:139:17:139:31:139:35:139:37":26,"f:140:20:140:21":3,"s:140:27:140:53":36,"b:145:16:145:59:145:63:145:65":27,"s:150:28:193:7":37,"f:150:28:150:33":4,"b:151:8:151:47:undefined:undefined:undefined:undefined":28,"s:151:8:151:47":38,"b:151:12:151:17:151:21:151:38":29,"s:151:40:151:47":39,"b:152:8:152:47:undefined:undefined:undefined:undefined":30,"s:152:8:152:47":40,"s:152:40:152:47":41,"s:154:25:154:63":42,"s:155:27:155:75":43,"f:155:39:155:40":5,"s:155:51:155:74":44,"b:157:8:161:9:undefined:undefined:undefined:undefined":31,"s:157:8:161:9":45,"s:158:10:158:44":46,"s:159:10:159:42":47,"s:160:10:160:17":48,"s:163:8:165:10":49,"s:167:26:167:69":50,"b:169:8:189:9:undefined:undefined:undefined:undefined":32,"s:169:8:189:9":51,"s:170:10:170:74":52,"s:172:19:172:20":53,"s:173:21:173:22":54,"s:174:10:187:11":55,"s:175:41:177:31":56,"b:179:12:186:13:184:19:186:13":33,"s:179:12:186:13":57,"s:180:14:180:21":58,"s:181:14:183:16":59,"s:185:14:185:19":60,"s:188:10:188:75":61,"s:191:8:191:42":62,"s:192:8:192:40":63,"s:196:6:198:7":64,"s:197:8:197:34":65,"s:200:6:202:7":66,"s:201:8:201:34":67,"s:204:6:204:42":68,"s:206:6:206:46":69,"s:207:6:207:16":70}}}
,"D:\\Code\\School-system-for-admin\\utils\\dataUtils.js": {"path":"D:\\Code\\School-system-for-admin\\utils\\dataUtils.js","statementMap":{"0":{"start":{"line":10,"column":32},"end":{"line":159,"column":1}},"1":{"start":{"line":11,"column":23},"end":{"line":144,"column":3}},"2":{"start":{"line":146,"column":19},"end":{"line":146,"column":21}},"3":{"start":{"line":147,"column":2},"end":{"line":157,"column":null}},"4":{"start":{"line":147,"column":15},"end":{"line":147,"column":24}},"5":{"start":{"line":148,"column":4},"end":{"line":156,"column":null}},"6":{"start":{"line":149,"column":6},"end":{"line":155,"column":null}},"7":{"start":{"line":158,"column":2},"end":{"line":158,"column":null}},"8":{"start":{"line":166,"column":26},"end":{"line":168,"column":1}},"9":{"start":{"line":167,"column":2},"end":{"line":167,"column":null}},"10":{"start":{"line":175,"column":33},"end":{"line":191,"column":1}},"11":{"start":{"line":176,"column":2},"end":{"line":190,"column":null}},"12":{"start":{"line":177,"column":4},"end":{"line":189,"column":null}},"13":{"start":{"line":178,"column":23},"end":{"line":178,"column":37}},"14":{"start":{"line":180,"column":6},"end":{"line":186,"column":null}},"15":{"start":{"line":183,"column":10},"end":{"line":183,"column":null}},"16":{"start":{"line":184,"column":10},"end":{"line":184,"column":null}},"17":{"start":{"line":184,"column":23},"end":{"line":184,"column":null}},"18":{"start":{"line":185,"column":10},"end":{"line":185,"column":null}},"19":{"start":{"line":188,"column":6},"end":{"line":188,"column":null}}},"fnMap":{"0":{"name":"(anonymous_0)","decl":{"start":{"line":10,"column":32},"end":{"line":10,"column":33}},"loc":{"start":{"line":10,"column":70},"end":{"line":159,"column":1}},"line":10},"1":{"name":"(anonymous_1)","decl":{"start":{"line":148,"column":25},"end":{"line":148,"column":26}},"loc":{"start":{"line":148,"column":36},"end":{"line":156,"column":5}},"line":148},"2":{"name":"(anonymous_2)","decl":{"start":{"line":166,"column":26},"end":{"line":166,"column":27}},"loc":{"start":{"line":166,"column":38},"end":{"line":168,"column":1}},"line":166},"3":{"name":"(anonymous_3)","decl":{"start":{"line":175,"column":33},"end":{"line":175,"column":38}},"loc":{"start":{"line":175,"column":77},"end":{"line":191,"column":1}},"line":175},"4":{"name":"(anonymous_4)","decl":{"start":{"line":176,"column":21},"end":{"line":176,"column":22}},"loc":{"start":{"line":176,"column":42},"end":{"line":190,"column":3}},"line":176},"5":{"name":"(anonymous_5)","decl":{"start":{"line":177,"column":10},"end":{"line":177,"column":11}},"loc":{"start":{"line":177,"column":20},"end":{"line":189,"column":5}},"line":177},"6":{"name":"(anonymous_6)","decl":{"start":{"line":182,"column":15},"end":{"line":182,"column":16}},"loc":{"start":{"line":182,"column":24},"end":{"line":186,"column":9}},"line":182}},"branchMap":{"0":{"loc":{"start":{"line":10,"column":33},"end":{"line":10,"column":49}},"type":"default-arg","locations":[{"start":{"line":10,"column":45},"end":{"line":10,"column":49}}],"line":10},"1":{"loc":{"start":{"line":10,"column":51},"end":{"line":10,"column":65}},"type":"default-arg","locations":[{"start":{"line":10,"column":61},"end":{"line":10,"column":65}}],"line":10},"2":{"loc":{"start":{"line":184,"column":10},"end":{"line":184,"column":null}},"type":"if","locations":[{"start":{"line":184,"column":10},"end":{"line":184,"column":null}},{"start":{},"end":{}}],"line":184}},"s":{"0":1,"1":0,"2":0,"3":0,"4":0,"5":0,"6":0,"7":0,"8":1,"9":0,"10":1,"11":0,"12":0,"13":0,"14":0,"15":0,"16":0,"17":0,"18":0,"19":0},"f":{"0":0,"1":0,"2":0,"3":0,"4":0,"5":0,"6":0},"b":{"0":[0],"1":[0],"2":[0,0]},"meta":{"lastBranch":3,"lastFunction":7,"lastStatement":20,"seen":{"s:10:32:159:1":0,"f:10:32:10:33":0,"b:10:45:10:49":0,"b:10:61:10:65":1,"s:11:23:144:3":1,"s:146:19:146:21":2,"s:147:2:157:Infinity":3,"s:147:15:147:24":4,"s:148:4:156:Infinity":5,"f:148:25:148:26":1,"s:149:6:155:Infinity":6,"s:158:2:158:Infinity":7,"s:166:26:168:1":8,"f:166:26:166:27":2,"s:167:2:167:Infinity":9,"s:175:33:191:1":10,"f:175:33:175:38":3,"s:176:2:190:Infinity":11,"f:176:21:176:22":4,"s:177:4:189:Infinity":12,"f:177:10:177:11":5,"s:178:23:178:37":13,"s:180:6:186:Infinity":14,"f:182:15:182:16":6,"s:183:10:183:Infinity":15,"b:184:10:184:Infinity:undefined:undefined:undefined:undefined":2,"s:184:10:184:Infinity":16,"s:184:23:184:Infinity":17,"s:185:10:185:Infinity":18,"s:188:6:188:Infinity":19}}}
}
