{"D:\\Code\\School-system-for-admin\\database\\schema.js": {"path":"D:\\Code\\School-system-for-admin\\database\\schema.js","statementMap":{"0":{"start":{"line":6,"column":22},"end":{"line":21,"column":1}},"1":{"start":{"line":26,"column":22},"end":{"line":94,"column":1}}},"fnMap":{},"branchMap":{},"s":{"0":1,"1":1},"f":{},"b":{},"meta":{"lastBranch":0,"lastFunction":0,"lastStatement":2,"seen":{"s:6:22:21:1":0,"s:26:22:94:1":1}}}
,"D:\\Code\\School-system-for-admin\\services\\core.js": {"path":"D:\\Code\\School-system-for-admin\\services\\core.js","statementMap":{"0":{"start":{"line":5,"column":28},"end":{"line":7,"column":1}},"1":{"start":{"line":6,"column":2},"end":{"line":6,"column":null}},"2":{"start":{"line":9,"column":23},"end":{"line":18,"column":1}},"3":{"start":{"line":10,"column":16},"end":{"line":10,"column":30}},"4":{"start":{"line":11,"column":18},"end":{"line":13,"column":3}},"5":{"start":{"line":14,"column":2},"end":{"line":16,"column":null}},"6":{"start":{"line":15,"column":4},"end":{"line":15,"column":null}},"7":{"start":{"line":17,"column":2},"end":{"line":17,"column":null}},"8":{"start":{"line":24,"column":26},"end":{"line":62,"column":1}},"9":{"start":{"line":26,"column":17},"end":{"line":26,"column":60}},"10":{"start":{"line":27,"column":4},"end":{"line":31,"column":null}},"11":{"start":{"line":28,"column":6},"end":{"line":28,"column":null}},"12":{"start":{"line":30,"column":6},"end":{"line":30,"column":null}},"13":{"start":{"line":35,"column":4},"end":{"line":35,"column":null}},"14":{"start":{"line":39,"column":4},"end":{"line":39,"column":null}},"15":{"start":{"line":43,"column":4},"end":{"line":46,"column":null}},"16":{"start":{"line":50,"column":16},"end":{"line":50,"column":65}},"17":{"start":{"line":51,"column":4},"end":{"line":51,"column":null}},"18":{"start":{"line":52,"column":4},"end":{"line":52,"column":null}},"19":{"start":{"line":56,"column":4},"end":{"line":56,"column":null}},"20":{"start":{"line":60,"column":4},"end":{"line":60,"column":null}},"21":{"start":{"line":66,"column":26},"end":{"line":86,"column":1}},"22":{"start":{"line":67,"column":2},"end":{"line":67,"column":null}},"23":{"start":{"line":68,"column":16},"end":{"line":68,"column":30}},"24":{"start":{"line":70,"column":2},"end":{"line":70,"column":null}},"25":{"start":{"line":70,"column":35},"end":{"line":70,"column":null}},"26":{"start":{"line":72,"column":2},"end":{"line":85,"column":null}},"27":{"start":{"line":73,"column":16},"end":{"line":77,"column":6}},"28":{"start":{"line":79,"column":4},"end":{"line":81,"column":null}},"29":{"start":{"line":80,"column":6},"end":{"line":80,"column":null}},"30":{"start":{"line":83,"column":4},"end":{"line":83,"column":null}},"31":{"start":{"line":84,"column":4},"end":{"line":84,"column":null}},"32":{"start":{"line":90,"column":25},"end":{"line":99,"column":1}},"33":{"start":{"line":91,"column":16},"end":{"line":91,"column":41}},"34":{"start":{"line":92,"column":21},"end":{"line":97,"column":3}},"35":{"start":{"line":95,"column":21},"end":{"line":95,"column":38}},"36":{"start":{"line":96,"column":18},"end":{"line":96,"column":22}},"37":{"start":{"line":98,"column":2},"end":{"line":98,"column":null}},"38":{"start":{"line":98,"column":32},"end":{"line":98,"column":56}},"39":{"start":{"line":104,"column":16},"end":{"line":104,"column":41}},"40":{"start":{"line":105,"column":18},"end":{"line":105,"column":43}},"41":{"start":{"line":106,"column":16},"end":{"line":106,"column":30}},"42":{"start":{"line":108,"column":2},"end":{"line":108,"column":null}},"43":{"start":{"line":108,"column":35},"end":{"line":108,"column":null}},"44":{"start":{"line":110,"column":2},"end":{"line":161,"column":null}},"45":{"start":{"line":111,"column":16},"end":{"line":113,"column":6}},"46":{"start":{"line":115,"column":4},"end":{"line":117,"column":null}},"47":{"start":{"line":116,"column":6},"end":{"line":116,"column":null}},"48":{"start":{"line":119,"column":21},"end":{"line":119,"column":37}},"49":{"start":{"line":121,"column":21},"end":{"line":121,"column":23}},"50":{"start":{"line":122,"column":4},"end":{"line":143,"column":null}},"51":{"start":{"line":123,"column":25},"end":{"line":123,"column":48}},"52":{"start":{"line":124,"column":25},"end":{"line":124,"column":45}},"53":{"start":{"line":126,"column":6},"end":{"line":139,"column":null}},"54":{"start":{"line":127,"column":25},"end":{"line":127,"column":70}},"55":{"start":{"line":127,"column":53},"end":{"line":127,"column":68}},"56":{"start":{"line":128,"column":23},"end":{"line":135,"column":10}},"57":{"start":{"line":129,"column":28},"end":{"line":129,"column":51}},"58":{"start":{"line":130,"column":10},"end":{"line":133,"column":null}},"59":{"start":{"line":131,"column":12},"end":{"line":131,"column":null}},"60":{"start":{"line":132,"column":12},"end":{"line":132,"column":null}},"61":{"start":{"line":134,"column":10},"end":{"line":134,"column":null}},"62":{"start":{"line":136,"column":8},"end":{"line":136,"column":null}},"63":{"start":{"line":138,"column":8},"end":{"line":138,"column":null}},"64":{"start":{"line":142,"column":6},"end":{"line":142,"column":null}},"65":{"start":{"line":145,"column":23},"end":{"line":150,"column":5}},"66":{"start":{"line":148,"column":23},"end":{"line":148,"column":40}},"67":{"start":{"line":149,"column":20},"end":{"line":149,"column":24}},"68":{"start":{"line":151,"column":25},"end":{"line":151,"column":78}},"69":{"start":{"line":151,"column":53},"end":{"line":151,"column":77}},"70":{"start":{"line":154,"column":4},"end":{"line":154,"column":null}},"71":{"start":{"line":154,"column":32},"end":{"line":154,"column":89}},"72":{"start":{"line":156,"column":4},"end":{"line":156,"column":null}},"73":{"start":{"line":157,"column":4},"end":{"line":157,"column":null}},"74":{"start":{"line":159,"column":4},"end":{"line":159,"column":null}},"75":{"start":{"line":160,"column":4},"end":{"line":160,"column":null}},"76":{"start":{"line":165,"column":19},"end":{"line":165,"column":44}},"77":{"start":{"line":166,"column":16},"end":{"line":166,"column":30}},"78":{"start":{"line":169,"column":17},"end":{"line":169,"column":72}},"79":{"start":{"line":169,"column":45},"end":{"line":169,"column":70}},"80":{"start":{"line":170,"column":2},"end":{"line":174,"column":null}},"81":{"start":{"line":171,"column":4},"end":{"line":173,"column":null}},"82":{"start":{"line":172,"column":6},"end":{"line":172,"column":null}},"83":{"start":{"line":176,"column":2},"end":{"line":176,"column":null}},"84":{"start":{"line":177,"column":2},"end":{"line":177,"column":null}},"85":{"start":{"line":179,"column":2},"end":{"line":179,"column":null}},"86":{"start":{"line":179,"column":35},"end":{"line":179,"column":null}},"87":{"start":{"line":181,"column":2},"end":{"line":227,"column":null}},"88":{"start":{"line":182,"column":21},"end":{"line":182,"column":42}},"89":{"start":{"line":183,"column":21},"end":{"line":183,"column":59}},"90":{"start":{"line":184,"column":25},"end":{"line":186,"column":20}},"91":{"start":{"line":185,"column":21},"end":{"line":185,"column":39}},"92":{"start":{"line":188,"column":4},"end":{"line":192,"column":null}},"93":{"start":{"line":189,"column":6},"end":{"line":189,"column":null}},"94":{"start":{"line":190,"column":6},"end":{"line":190,"column":null}},"95":{"start":{"line":191,"column":6},"end":{"line":191,"column":null}},"96":{"start":{"line":194,"column":16},"end":{"line":198,"column":6}},"97":{"start":{"line":200,"column":4},"end":{"line":220,"column":null}},"98":{"start":{"line":201,"column":6},"end":{"line":201,"column":null}},"99":{"start":{"line":203,"column":15},"end":{"line":203,"column":16}},"100":{"start":{"line":204,"column":17},"end":{"line":204,"column":18}},"101":{"start":{"line":205,"column":6},"end":{"line":217,"column":null}},"102":{"start":{"line":206,"column":30},"end":{"line":210,"column":10}},"103":{"start":{"line":211,"column":8},"end":{"line":216,"column":null}},"104":{"start":{"line":212,"column":10},"end":{"line":212,"column":null}},"105":{"start":{"line":213,"column":10},"end":{"line":213,"column":null}},"106":{"start":{"line":215,"column":10},"end":{"line":215,"column":null}},"107":{"start":{"line":218,"column":6},"end":{"line":218,"column":null}},"108":{"start":{"line":219,"column":6},"end":{"line":219,"column":null}},"109":{"start":{"line":219,"column":32},"end":{"line":219,"column":null}},"110":{"start":{"line":222,"column":4},"end":{"line":222,"column":null}},"111":{"start":{"line":223,"column":4},"end":{"line":223,"column":null}},"112":{"start":{"line":225,"column":4},"end":{"line":225,"column":null}},"113":{"start":{"line":226,"column":4},"end":{"line":226,"column":null}},"114":{"start":{"line":231,"column":2},"end":{"line":234,"column":null}},"115":{"start":{"line":233,"column":47},"end":{"line":233,"column":61}},"116":{"start":{"line":236,"column":16},"end":{"line":236,"column":51}},"117":{"start":{"line":237,"column":2},"end":{"line":240,"column":null}},"118":{"start":{"line":237,"column":25},"end":{"line":237,"column":57}},"119":{"start":{"line":238,"column":4},"end":{"line":238,"column":null}},"120":{"start":{"line":239,"column":4},"end":{"line":239,"column":null}},"121":{"start":{"line":242,"column":16},"end":{"line":242,"column":30}},"122":{"start":{"line":243,"column":2},"end":{"line":243,"column":null}},"123":{"start":{"line":243,"column":35},"end":{"line":243,"column":null}},"124":{"start":{"line":245,"column":2},"end":{"line":262,"column":null}},"125":{"start":{"line":246,"column":16},"end":{"line":249,"column":6}},"126":{"start":{"line":251,"column":4},"end":{"line":251,"column":null}},"127":{"start":{"line":251,"column":17},"end":{"line":251,"column":null}},"128":{"start":{"line":253,"column":4},"end":{"line":258,"column":null}},"129":{"start":{"line":257,"column":23},"end":{"line":257,"column":58}},"130":{"start":{"line":260,"column":4},"end":{"line":260,"column":null}},"131":{"start":{"line":261,"column":4},"end":{"line":261,"column":null}},"132":{"start":{"line":272,"column":17},"end":{"line":272,"column":38}},"133":{"start":{"line":273,"column":2},"end":{"line":276,"column":null}},"134":{"start":{"line":274,"column":4},"end":{"line":274,"column":null}},"135":{"start":{"line":275,"column":4},"end":{"line":275,"column":null}},"136":{"start":{"line":277,"column":2},"end":{"line":277,"column":null}}},"fnMap":{"0":{"name":"(anonymous_0)","decl":{"start":{"line":5,"column":28},"end":{"line":5,"column":29}},"loc":{"start":{"line":5,"column":34},"end":{"line":7,"column":1}},"line":5},"1":{"name":"(anonymous_1)","decl":{"start":{"line":9,"column":23},"end":{"line":9,"column":24}},"loc":{"start":{"line":9,"column":29},"end":{"line":18,"column":1}},"line":9},"2":{"name":"(anonymous_2)","decl":{"start":{"line":25,"column":7},"end":{"line":25,"column":8}},"loc":{"start":{"line":25,"column":30},"end":{"line":32,"column":3}},"line":25},"3":{"name":"(anonymous_3)","decl":{"start":{"line":34,"column":7},"end":{"line":34,"column":8}},"loc":{"start":{"line":34,"column":23},"end":{"line":36,"column":3}},"line":34},"4":{"name":"(anonymous_4)","decl":{"start":{"line":38,"column":11},"end":{"line":38,"column":12}},"loc":{"start":{"line":38,"column":20},"end":{"line":40,"column":3}},"line":38},"5":{"name":"(anonymous_5)","decl":{"start":{"line":42,"column":12},"end":{"line":42,"column":13}},"loc":{"start":{"line":42,"column":28},"end":{"line":47,"column":3}},"line":42},"6":{"name":"(anonymous_6)","decl":{"start":{"line":49,"column":16},"end":{"line":49,"column":17}},"loc":{"start":{"line":49,"column":31},"end":{"line":53,"column":3}},"line":49},"7":{"name":"(anonymous_7)","decl":{"start":{"line":55,"column":15},"end":{"line":55,"column":16}},"loc":{"start":{"line":55,"column":26},"end":{"line":57,"column":3}},"line":55},"8":{"name":"(anonymous_8)","decl":{"start":{"line":59,"column":17},"end":{"line":59,"column":18}},"loc":{"start":{"line":59,"column":28},"end":{"line":61,"column":3}},"line":59},"9":{"name":"(anonymous_9)","decl":{"start":{"line":66,"column":26},"end":{"line":66,"column":31}},"loc":{"start":{"line":66,"column":48},"end":{"line":86,"column":1}},"line":66},"10":{"name":"(anonymous_10)","decl":{"start":{"line":90,"column":25},"end":{"line":90,"column":26}},"loc":{"start":{"line":90,"column":36},"end":{"line":99,"column":1}},"line":90},"11":{"name":"(anonymous_11)","decl":{"start":{"line":95,"column":14},"end":{"line":95,"column":15}},"loc":{"start":{"line":95,"column":21},"end":{"line":95,"column":38}},"line":95},"12":{"name":"(anonymous_12)","decl":{"start":{"line":96,"column":11},"end":{"line":96,"column":12}},"loc":{"start":{"line":96,"column":18},"end":{"line":96,"column":22}},"line":96},"13":{"name":"(anonymous_13)","decl":{"start":{"line":98,"column":22},"end":{"line":98,"column":23}},"loc":{"start":{"line":98,"column":32},"end":{"line":98,"column":56}},"line":98},"14":{"name":"fetchCollection","decl":{"start":{"line":103,"column":22},"end":{"line":103,"column":37}},"loc":{"start":{"line":103,"column":53},"end":{"line":162,"column":null}},"line":103},"15":{"name":"(anonymous_15)","decl":{"start":{"line":127,"column":43},"end":{"line":127,"column":44}},"loc":{"start":{"line":127,"column":53},"end":{"line":127,"column":68}},"line":127},"16":{"name":"(anonymous_16)","decl":{"start":{"line":128,"column":38},"end":{"line":128,"column":39}},"loc":{"start":{"line":128,"column":50},"end":{"line":135,"column":9}},"line":128},"17":{"name":"(anonymous_17)","decl":{"start":{"line":148,"column":16},"end":{"line":148,"column":17}},"loc":{"start":{"line":148,"column":23},"end":{"line":148,"column":40}},"line":148},"18":{"name":"(anonymous_18)","decl":{"start":{"line":149,"column":13},"end":{"line":149,"column":14}},"loc":{"start":{"line":149,"column":20},"end":{"line":149,"column":24}},"line":149},"19":{"name":"(anonymous_19)","decl":{"start":{"line":151,"column":43},"end":{"line":151,"column":44}},"loc":{"start":{"line":151,"column":53},"end":{"line":151,"column":77}},"line":151},"20":{"name":"(anonymous_20)","decl":{"start":{"line":154,"column":22},"end":{"line":154,"column":23}},"loc":{"start":{"line":154,"column":32},"end":{"line":154,"column":89}},"line":154},"21":{"name":"pushCollection","decl":{"start":{"line":164,"column":22},"end":{"line":164,"column":36}},"loc":{"start":{"line":164,"column":59},"end":{"line":228,"column":null}},"line":164},"22":{"name":"(anonymous_22)","decl":{"start":{"line":169,"column":38},"end":{"line":169,"column":39}},"loc":{"start":{"line":169,"column":45},"end":{"line":169,"column":70}},"line":169},"23":{"name":"(anonymous_23)","decl":{"start":{"line":170,"column":16},"end":{"line":170,"column":17}},"loc":{"start":{"line":170,"column":26},"end":{"line":174,"column":3}},"line":170},"24":{"name":"(anonymous_24)","decl":{"start":{"line":185,"column":14},"end":{"line":185,"column":15}},"loc":{"start":{"line":185,"column":21},"end":{"line":185,"column":39}},"line":185},"25":{"name":"deleteRecord","decl":{"start":{"line":230,"column":22},"end":{"line":230,"column":34}},"loc":{"start":{"line":230,"column":46},"end":{"line":263,"column":null}},"line":230},"26":{"name":"(anonymous_26)","decl":{"start":{"line":233,"column":37},"end":{"line":233,"column":38}},"loc":{"start":{"line":233,"column":47},"end":{"line":233,"column":61}},"line":233},"27":{"name":"(anonymous_27)","decl":{"start":{"line":237,"column":18},"end":{"line":237,"column":19}},"loc":{"start":{"line":237,"column":25},"end":{"line":237,"column":57}},"line":237},"28":{"name":"(anonymous_28)","decl":{"start":{"line":257,"column":16},"end":{"line":257,"column":17}},"loc":{"start":{"line":257,"column":23},"end":{"line":257,"column":58}},"line":257},"29":{"name":"clearLocalCache","decl":{"start":{"line":271,"column":16},"end":{"line":271,"column":31}},"loc":{"start":{"line":271,"column":34},"end":{"line":278,"column":null}},"line":271},"30":{"name":"(anonymous_30)","decl":{"start":{"line":273,"column":17},"end":{"line":273,"column":18}},"loc":{"start":{"line":273,"column":24},"end":{"line":276,"column":3}},"line":273}},"branchMap":{"0":{"loc":{"start":{"line":14,"column":2},"end":{"line":16,"column":null}},"type":"if","locations":[{"start":{"line":14,"column":2},"end":{"line":16,"column":null}},{"start":{},"end":{}}],"line":14},"1":{"loc":{"start":{"line":28,"column":13},"end":{"line":28,"column":51}},"type":"cond-expr","locations":[{"start":{"line":28,"column":20},"end":{"line":28,"column":36}},{"start":{"line":28,"column":39},"end":{"line":28,"column":51}}],"line":28},"2":{"loc":{"start":{"line":45,"column":6},"end":{"line":45,"column":null}},"type":"cond-expr","locations":[{"start":{"line":45,"column":14},"end":{"line":45,"column":20}},{"start":{"line":45,"column":23},"end":{"line":45,"column":null}}],"line":45},"3":{"loc":{"start":{"line":70,"column":2},"end":{"line":70,"column":null}},"type":"if","locations":[{"start":{"line":70,"column":2},"end":{"line":70,"column":null}},{"start":{},"end":{}}],"line":70},"4":{"loc":{"start":{"line":70,"column":6},"end":{"line":70,"column":33}},"type":"binary-expr","locations":[{"start":{"line":70,"column":6},"end":{"line":70,"column":12}},{"start":{"line":70,"column":16},"end":{"line":70,"column":33}}],"line":70},"5":{"loc":{"start":{"line":79,"column":4},"end":{"line":81,"column":null}},"type":"if","locations":[{"start":{"line":79,"column":4},"end":{"line":81,"column":null}},{"start":{},"end":{}}],"line":79},"6":{"loc":{"start":{"line":108,"column":2},"end":{"line":108,"column":null}},"type":"if","locations":[{"start":{"line":108,"column":2},"end":{"line":108,"column":null}},{"start":{},"end":{}}],"line":108},"7":{"loc":{"start":{"line":108,"column":6},"end":{"line":108,"column":33}},"type":"binary-expr","locations":[{"start":{"line":108,"column":6},"end":{"line":108,"column":12}},{"start":{"line":108,"column":16},"end":{"line":108,"column":33}}],"line":108},"8":{"loc":{"start":{"line":115,"column":4},"end":{"line":117,"column":null}},"type":"if","locations":[{"start":{"line":115,"column":4},"end":{"line":117,"column":null}},{"start":{},"end":{}}],"line":115},"9":{"loc":{"start":{"line":122,"column":4},"end":{"line":143,"column":null}},"type":"if","locations":[{"start":{"line":122,"column":4},"end":{"line":143,"column":null}},{"start":{"line":140,"column":11},"end":{"line":143,"column":null}}],"line":122},"10":{"loc":{"start":{"line":122,"column":8},"end":{"line":122,"column":31}},"type":"binary-expr","locations":[{"start":{"line":122,"column":8},"end":{"line":122,"column":12}},{"start":{"line":122,"column":16},"end":{"line":122,"column":31}}],"line":122},"11":{"loc":{"start":{"line":123,"column":25},"end":{"line":123,"column":48}},"type":"binary-expr","locations":[{"start":{"line":123,"column":25},"end":{"line":123,"column":38}},{"start":{"line":123,"column":42},"end":{"line":123,"column":48}}],"line":123},"12":{"loc":{"start":{"line":126,"column":6},"end":{"line":139,"column":null}},"type":"if","locations":[{"start":{"line":126,"column":6},"end":{"line":139,"column":null}},{"start":{"line":137,"column":13},"end":{"line":139,"column":null}}],"line":126},"13":{"loc":{"start":{"line":130,"column":10},"end":{"line":133,"column":null}},"type":"if","locations":[{"start":{"line":130,"column":10},"end":{"line":133,"column":null}},{"start":{},"end":{}}],"line":130},"14":{"loc":{"start":{"line":142,"column":19},"end":{"line":142,"column":39}},"type":"cond-expr","locations":[{"start":{"line":142,"column":29},"end":{"line":142,"column":34}},{"start":{"line":142,"column":37},"end":{"line":142,"column":39}}],"line":142},"15":{"loc":{"start":{"line":154,"column":41},"end":{"line":154,"column":58}},"type":"binary-expr","locations":[{"start":{"line":154,"column":41},"end":{"line":154,"column":53}},{"start":{"line":154,"column":57},"end":{"line":154,"column":58}}],"line":154},"16":{"loc":{"start":{"line":154,"column":71},"end":{"line":154,"column":88}},"type":"binary-expr","locations":[{"start":{"line":154,"column":71},"end":{"line":154,"column":83}},{"start":{"line":154,"column":87},"end":{"line":154,"column":88}}],"line":154},"17":{"loc":{"start":{"line":171,"column":4},"end":{"line":173,"column":null}},"type":"if","locations":[{"start":{"line":171,"column":4},"end":{"line":173,"column":null}},{"start":{},"end":{}}],"line":171},"18":{"loc":{"start":{"line":179,"column":2},"end":{"line":179,"column":null}},"type":"if","locations":[{"start":{"line":179,"column":2},"end":{"line":179,"column":null}},{"start":{},"end":{}}],"line":179},"19":{"loc":{"start":{"line":179,"column":6},"end":{"line":179,"column":33}},"type":"binary-expr","locations":[{"start":{"line":179,"column":6},"end":{"line":179,"column":12}},{"start":{"line":179,"column":16},"end":{"line":179,"column":33}}],"line":179},"20":{"loc":{"start":{"line":182,"column":21},"end":{"line":182,"column":42}},"type":"binary-expr","locations":[{"start":{"line":182,"column":21},"end":{"line":182,"column":32}},{"start":{"line":182,"column":36},"end":{"line":182,"column":42}}],"line":182},"21":{"loc":{"start":{"line":188,"column":4},"end":{"line":192,"column":null}},"type":"if","locations":[{"start":{"line":188,"column":4},"end":{"line":192,"column":null}},{"start":{},"end":{}}],"line":188},"22":{"loc":{"start":{"line":200,"column":4},"end":{"line":220,"column":null}},"type":"if","locations":[{"start":{"line":200,"column":4},"end":{"line":220,"column":null}},{"start":{},"end":{}}],"line":200},"23":{"loc":{"start":{"line":211,"column":8},"end":{"line":216,"column":null}},"type":"if","locations":[{"start":{"line":211,"column":8},"end":{"line":216,"column":null}},{"start":{"line":214,"column":15},"end":{"line":216,"column":null}}],"line":211},"24":{"loc":{"start":{"line":219,"column":6},"end":{"line":219,"column":null}},"type":"if","locations":[{"start":{"line":219,"column":6},"end":{"line":219,"column":null}},{"start":{},"end":{}}],"line":219},"25":{"loc":{"start":{"line":219,"column":10},"end":{"line":219,"column":30}},"type":"binary-expr","locations":[{"start":{"line":219,"column":10},"end":{"line":219,"column":18}},{"start":{"line":219,"column":22},"end":{"line":219,"column":30}}],"line":219},"26":{"loc":{"start":{"line":237,"column":2},"end":{"line":240,"column":null}},"type":"if","locations":[{"start":{"line":237,"column":2},"end":{"line":240,"column":null}},{"start":{},"end":{}}],"line":237},"27":{"loc":{"start":{"line":237,"column":25},"end":{"line":237,"column":57}},"type":"binary-expr","locations":[{"start":{"line":237,"column":25},"end":{"line":237,"column":42}},{"start":{"line":237,"column":46},"end":{"line":237,"column":57}}],"line":237},"28":{"loc":{"start":{"line":243,"column":2},"end":{"line":243,"column":null}},"type":"if","locations":[{"start":{"line":243,"column":2},"end":{"line":243,"column":null}},{"start":{},"end":{}}],"line":243},"29":{"loc":{"start":{"line":243,"column":6},"end":{"line":243,"column":33}},"type":"binary-expr","locations":[{"start":{"line":243,"column":6},"end":{"line":243,"column":12}},{"start":{"line":243,"column":16},"end":{"line":243,"column":33}}],"line":243},"30":{"loc":{"start":{"line":251,"column":4},"end":{"line":251,"column":null}},"type":"if","locations":[{"start":{"line":251,"column":4},"end":{"line":251,"column":null}},{"start":{},"end":{}}],"line":251},"31":{"loc":{"start":{"line":257,"column":25},"end":{"line":257,"column":57}},"type":"binary-expr","locations":[{"start":{"line":257,"column":25},"end":{"line":257,"column":42}},{"start":{"line":257,"column":46},"end":{"line":257,"column":57}}],"line":257}},"s":{"0":1,"1":7,"2":1,"3":2,"4":2,"5":2,"6":2,"7":2,"8":1,"9":9,"10":9,"11":9,"12":0,"13":8,"14":3,"15":3,"16":3,"17":3,"18":3,"19":2,"20":1,"21":1,"22":3,"23":3,"24":3,"25":1,"26":2,"27":2,"28":2,"29":1,"30":1,"31":1,"32":1,"33":0,"34":0,"35":0,"36":0,"37":0,"38":0,"39":0,"40":0,"41":0,"42":0,"43":0,"44":0,"45":0,"46":0,"47":0,"48":0,"49":0,"50":0,"51":0,"52":0,"53":0,"54":0,"55":0,"56":0,"57":0,"58":0,"59":0,"60":0,"61":0,"62":0,"63":0,"64":0,"65":0,"66":0,"67":0,"68":0,"69":0,"70":0,"71":0,"72":0,"73":0,"74":0,"75":0,"76":0,"77":0,"78":0,"79":0,"80":0,"81":0,"82":0,"83":0,"84":0,"85":0,"86":0,"87":0,"88":0,"89":0,"90":0,"91":0,"92":0,"93":0,"94":0,"95":0,"96":0,"97":0,"98":0,"99":0,"100":0,"101":0,"102":0,"103":0,"104":0,"105":0,"106":0,"107":0,"108":0,"109":0,"110":0,"111":0,"112":0,"113":0,"114":0,"115":0,"116":0,"117":0,"118":0,"119":0,"120":0,"121":0,"122":0,"123":0,"124":0,"125":0,"126":0,"127":0,"128":0,"129":0,"130":0,"131":0,"132":1,"133":1,"134":14,"135":14,"136":1},"f":{"0":7,"1":2,"2":9,"3":8,"4":3,"5":3,"6":3,"7":2,"8":1,"9":3,"10":0,"11":0,"12":0,"13":0,"14":0,"15":0,"16":0,"17":0,"18":0,"19":0,"20":0,"21":0,"22":0,"23":0,"24":0,"25":0,"26":0,"27":0,"28":0,"29":1,"30":14},"b":{"0":[2,0],"1":[6,3],"2":[2,1],"3":[1,2],"4":[3,2],"5":[1,1],"6":[0,0],"7":[0,0],"8":[0,0],"9":[0,0],"10":[0,0],"11":[0,0],"12":[0,0],"13":[0,0],"14":[0,0],"15":[0,0],"16":[0,0],"17":[0,0],"18":[0,0],"19":[0,0],"20":[0,0],"21":[0,0],"22":[0,0],"23":[0,0],"24":[0,0],"25":[0,0],"26":[0,0],"27":[0,0],"28":[0,0],"29":[0,0],"30":[0,0],"31":[0,0]},"meta":{"lastBranch":32,"lastFunction":31,"lastStatement":137,"seen":{"s:5:28:7:1":0,"f:5:28:5:29":0,"s:6:2:6:Infinity":1,"s:9:23:18:1":2,"f:9:23:9:24":1,"s:10:16:10:30":3,"s:11:18:13:3":4,"b:14:2:16:Infinity:undefined:undefined:undefined:undefined":0,"s:14:2:16:Infinity":5,"s:15:4:15:Infinity":6,"s:17:2:17:Infinity":7,"s:24:26:62:1":8,"f:25:7:25:8":2,"s:26:17:26:60":9,"s:27:4:31:Infinity":10,"s:28:6:28:Infinity":11,"b:28:20:28:36:28:39:28:51":1,"s:30:6:30:Infinity":12,"f:34:7:34:8":3,"s:35:4:35:Infinity":13,"f:38:11:38:12":4,"s:39:4:39:Infinity":14,"f:42:12:42:13":5,"s:43:4:46:Infinity":15,"b:45:14:45:20:45:23:45:Infinity":2,"f:49:16:49:17":6,"s:50:16:50:65":16,"s:51:4:51:Infinity":17,"s:52:4:52:Infinity":18,"f:55:15:55:16":7,"s:56:4:56:Infinity":19,"f:59:17:59:18":8,"s:60:4:60:Infinity":20,"s:66:26:86:1":21,"f:66:26:66:31":9,"s:67:2:67:Infinity":22,"s:68:16:68:30":23,"b:70:2:70:Infinity:undefined:undefined:undefined:undefined":3,"s:70:2:70:Infinity":24,"b:70:6:70:12:70:16:70:33":4,"s:70:35:70:Infinity":25,"s:72:2:85:Infinity":26,"s:73:16:77:6":27,"b:79:4:81:Infinity:undefined:undefined:undefined:undefined":5,"s:79:4:81:Infinity":28,"s:80:6:80:Infinity":29,"s:83:4:83:Infinity":30,"s:84:4:84:Infinity":31,"s:90:25:99:1":32,"f:90:25:90:26":10,"s:91:16:91:41":33,"s:92:21:97:3":34,"f:95:14:95:15":11,"s:95:21:95:38":35,"f:96:11:96:12":12,"s:96:18:96:22":36,"s:98:2:98:Infinity":37,"f:98:22:98:23":13,"s:98:32:98:56":38,"f:103:22:103:37":14,"s:104:16:104:41":39,"s:105:18:105:43":40,"s:106:16:106:30":41,"b:108:2:108:Infinity:undefined:undefined:undefined:undefined":6,"s:108:2:108:Infinity":42,"b:108:6:108:12:108:16:108:33":7,"s:108:35:108:Infinity":43,"s:110:2:161:Infinity":44,"s:111:16:113:6":45,"b:115:4:117:Infinity:undefined:undefined:undefined:undefined":8,"s:115:4:117:Infinity":46,"s:116:6:116:Infinity":47,"s:119:21:119:37":48,"s:121:21:121:23":49,"b:122:4:143:Infinity:140:11:143:Infinity":9,"s:122:4:143:Infinity":50,"b:122:8:122:12:122:16:122:31":10,"s:123:25:123:48":51,"b:123:25:123:38:123:42:123:48":11,"s:124:25:124:45":52,"b:126:6:139:Infinity:137:13:139:Infinity":12,"s:126:6:139:Infinity":53,"s:127:25:127:70":54,"f:127:43:127:44":15,"s:127:53:127:68":55,"s:128:23:135:10":56,"f:128:38:128:39":16,"s:129:28:129:51":57,"b:130:10:133:Infinity:undefined:undefined:undefined:undefined":13,"s:130:10:133:Infinity":58,"s:131:12:131:Infinity":59,"s:132:12:132:Infinity":60,"s:134:10:134:Infinity":61,"s:136:8:136:Infinity":62,"s:138:8:138:Infinity":63,"s:142:6:142:Infinity":64,"b:142:29:142:34:142:37:142:39":14,"s:145:23:150:5":65,"f:148:16:148:17":17,"s:148:23:148:40":66,"f:149:13:149:14":18,"s:149:20:149:24":67,"s:151:25:151:78":68,"f:151:43:151:44":19,"s:151:53:151:77":69,"s:154:4:154:Infinity":70,"f:154:22:154:23":20,"s:154:32:154:89":71,"b:154:41:154:53:154:57:154:58":15,"b:154:71:154:83:154:87:154:88":16,"s:156:4:156:Infinity":72,"s:157:4:157:Infinity":73,"s:159:4:159:Infinity":74,"s:160:4:160:Infinity":75,"f:164:22:164:36":21,"s:165:19:165:44":76,"s:166:16:166:30":77,"s:169:17:169:72":78,"f:169:38:169:39":22,"s:169:45:169:70":79,"s:170:2:174:Infinity":80,"f:170:16:170:17":23,"b:171:4:173:Infinity:undefined:undefined:undefined:undefined":17,"s:171:4:173:Infinity":81,"s:172:6:172:Infinity":82,"s:176:2:176:Infinity":83,"s:177:2:177:Infinity":84,"b:179:2:179:Infinity:undefined:undefined:undefined:undefined":18,"s:179:2:179:Infinity":85,"b:179:6:179:12:179:16:179:33":19,"s:179:35:179:Infinity":86,"s:181:2:227:Infinity":87,"s:182:21:182:42":88,"b:182:21:182:32:182:36:182:42":20,"s:183:21:183:59":89,"s:184:25:186:20":90,"f:185:14:185:15":24,"s:185:21:185:39":91,"b:188:4:192:Infinity:undefined:undefined:undefined:undefined":21,"s:188:4:192:Infinity":92,"s:189:6:189:Infinity":93,"s:190:6:190:Infinity":94,"s:191:6:191:Infinity":95,"s:194:16:198:6":96,"b:200:4:220:Infinity:undefined:undefined:undefined:undefined":22,"s:200:4:220:Infinity":97,"s:201:6:201:Infinity":98,"s:203:15:203:16":99,"s:204:17:204:18":100,"s:205:6:217:Infinity":101,"s:206:30:210:10":102,"b:211:8:216:Infinity:214:15:216:Infinity":23,"s:211:8:216:Infinity":103,"s:212:10:212:Infinity":104,"s:213:10:213:Infinity":105,"s:215:10:215:Infinity":106,"s:218:6:218:Infinity":107,"b:219:6:219:Infinity:undefined:undefined:undefined:undefined":24,"s:219:6:219:Infinity":108,"b:219:10:219:18:219:22:219:30":25,"s:219:32:219:Infinity":109,"s:222:4:222:Infinity":110,"s:223:4:223:Infinity":111,"s:225:4:225:Infinity":112,"s:226:4:226:Infinity":113,"f:230:22:230:34":25,"s:231:2:234:Infinity":114,"f:233:37:233:38":26,"s:233:47:233:61":115,"s:236:16:236:51":116,"b:237:2:240:Infinity:undefined:undefined:undefined:undefined":26,"s:237:2:240:Infinity":117,"f:237:18:237:19":27,"s:237:25:237:57":118,"b:237:25:237:42:237:46:237:57":27,"s:238:4:238:Infinity":119,"s:239:4:239:Infinity":120,"s:242:16:242:30":121,"b:243:2:243:Infinity:undefined:undefined:undefined:undefined":28,"s:243:2:243:Infinity":122,"b:243:6:243:12:243:16:243:33":29,"s:243:35:243:Infinity":123,"s:245:2:262:Infinity":124,"s:246:16:249:6":125,"b:251:4:251:Infinity:undefined:undefined:undefined:undefined":30,"s:251:4:251:Infinity":126,"s:251:17:251:Infinity":127,"s:253:4:258:Infinity":128,"f:257:16:257:17":28,"s:257:23:257:58":129,"b:257:25:257:42:257:46:257:57":31,"s:260:4:260:Infinity":130,"s:261:4:261:Infinity":131,"f:271:16:271:31":29,"s:272:17:272:38":132,"s:273:2:276:Infinity":133,"f:273:17:273:18":30,"s:274:4:274:Infinity":134,"s:275:4:275:Infinity":135,"s:277:2:277:Infinity":136}}}
}
